[rosmaster.main][INFO] 2022-06-18 05:01:27,724: initialization complete, waiting for shutdown
[rosmaster.main][INFO] 2022-06-18 05:01:27,724: Starting ROS Master Node
[xmlrpc][INFO] 2022-06-18 05:01:27,726: XML-RPC server binding to 0.0.0.0:11311
[xmlrpc][INFO] 2022-06-18 05:01:27,726: Started XML-RPC server [http://itodaisuke:11311/]
[rosmaster.master][INFO] 2022-06-18 05:01:27,726: Master initialized: port[11311], uri[http://itodaisuke:11311/]
[xmlrpc][INFO] 2022-06-18 05:01:27,726: xml rpc node: starting XML-RPC server
[rosmaster.master][INFO] 2022-06-18 05:01:27,800: +PARAM [/run_id] by /roslaunch
[rosmaster.master][INFO] 2022-06-18 05:01:27,800: +PARAM [/roslaunch/uris/host_itodaisuke__42227] by /roslaunch
[rosmaster.master][INFO] 2022-06-18 05:01:27,912: +PARAM [/rosversion] by /roslaunch
[rosmaster.master][INFO] 2022-06-18 05:01:27,912: +PARAM [/rosdistro] by /roslaunch
[rosmaster.master][INFO] 2022-06-18 05:01:27,917: +SERVICE [/rosout/get_loggers] /rosout http://itodaisuke:36345/
[rosmaster.master][INFO] 2022-06-18 05:01:27,917: +SERVICE [/rosout/set_logger_level] /rosout http://itodaisuke:36345/
[rosmaster.master][INFO] 2022-06-18 05:01:27,918: +PUB [/rosout_agg] /rosout http://itodaisuke:36345/
[rosmaster.master][INFO] 2022-06-18 05:01:27,920: +SUB [/rosout] /rosout http://itodaisuke:36345/
[rosmaster.master][INFO] 2022-06-18 05:02:02,637: +PUB [/rosout] /operator_35_1655528522515 http://itodaisuke:45553/
[rosmaster.master][INFO] 2022-06-18 05:02:02,639: +SERVICE [/operator_35_1655528522515/get_loggers] /operator_35_1655528522515 http://itodaisuke:45553/
[rosmaster.master][INFO] 2022-06-18 05:02:02,640: +SERVICE [/operator_35_1655528522515/set_logger_level] /operator_35_1655528522515 http://itodaisuke:45553/
[rosmaster.master][INFO] 2022-06-18 05:02:02,640: +PUB [/image_data] /operator_35_1655528522515 http://itodaisuke:45553/
[rosmaster.master][INFO] 2022-06-18 05:02:02,672: publisherUpdate[/rosout] -> http://itodaisuke:36345/ ['http://itodaisuke:45553/']
[rosmaster.master][INFO] 2022-06-18 05:02:02,710: publisherUpdate[/rosout] -> http://itodaisuke:36345/ ['http://itodaisuke:45553/']: sec=0.04, result=[1, '', 0]
[rosmaster.master][INFO] 2022-06-18 05:02:17,300: +PUB [/rosout] /operator http://itodaisuke:41765/
[rosmaster.master][INFO] 2022-06-18 05:02:17,302: +SERVICE [/operator/get_loggers] /operator http://itodaisuke:41765/
[rosmaster.master][INFO] 2022-06-18 05:02:17,303: +SERVICE [/operator/set_logger_level] /operator http://itodaisuke:41765/
[rosmaster.master][INFO] 2022-06-18 05:02:17,304: +CACHEDPARAM [/rosout_disable_topics_generation] by /operator
[rosmaster.master][INFO] 2022-06-18 05:02:17,305: +SUB [/image_data] /operator http://itodaisuke:41765/
[rosmaster.master][INFO] 2022-06-18 05:02:17,329: publisherUpdate[/rosout] -> http://itodaisuke:36345/ ['http://itodaisuke:45553/', 'http://itodaisuke:41765/']
[rosmaster.master][INFO] 2022-06-18 05:02:17,332: publisherUpdate[/rosout] -> http://itodaisuke:36345/ ['http://itodaisuke:45553/', 'http://itodaisuke:41765/']: sec=0.00, result=[1, '', 0]
[rosmaster.master][INFO] 2022-06-18 05:02:17,436: +CACHEDPARAM [/rosout/omit_topics] by /rosout
[rosmaster.master][INFO] 2022-06-18 05:02:26,880: -SUB [/image_data] /operator http://itodaisuke:41765/
[rosmaster.master][INFO] 2022-06-18 05:02:26,880: -PUB [/rosout] /operator http://itodaisuke:41765/
[rosmaster.master][INFO] 2022-06-18 05:02:26,880: -SERVICE [/operator/get_loggers] /operator rosrpc://itodaisuke:41239
[rosmaster.master][INFO] 2022-06-18 05:02:26,880: -SERVICE [/operator/set_logger_level] /operator rosrpc://itodaisuke:41239
[rosmaster.master][INFO] 2022-06-18 05:02:26,907: publisherUpdate[/rosout] -> http://itodaisuke:36345/ ['http://itodaisuke:45553/']
[rosmaster.master][INFO] 2022-06-18 05:02:26,949: publisherUpdate[/rosout] -> http://itodaisuke:36345/ ['http://itodaisuke:45553/']: sec=0.04, result=[1, '', 0]
[rosmaster.master][INFO] 2022-06-18 05:04:53,633: -PUB [/rosout] /operator_35_1655528522515 http://itodaisuke:45553/
[rosmaster.master][INFO] 2022-06-18 05:04:53,633: -PUB [/image_data] /operator_35_1655528522515 http://itodaisuke:45553/
[rosmaster.master][INFO] 2022-06-18 05:04:53,633: -SERVICE [/operator_35_1655528522515/get_loggers] /operator_35_1655528522515 rosrpc://itodaisuke:38859
[rosmaster.master][INFO] 2022-06-18 05:04:53,634: -SERVICE [/operator_35_1655528522515/set_logger_level] /operator_35_1655528522515 rosrpc://itodaisuke:38859
[rosmaster.master][INFO] 2022-06-18 05:04:53,637: publisherUpdate[/rosout] -> http://itodaisuke:36345/ []
[rosmaster.master][INFO] 2022-06-18 05:04:53,638: publisherUpdate[/rosout] -> http://itodaisuke:36345/ []: sec=0.00, result=[1, '', 0]
[rosmaster.master][INFO] 2022-06-18 05:05:00,148: -PUB [/rosout_agg] /rosout http://itodaisuke:36345/
[rosmaster.master][INFO] 2022-06-18 05:05:00,148: -SUB [/rosout] /rosout http://itodaisuke:36345/
[rosmaster.master][INFO] 2022-06-18 05:05:00,149: -SERVICE [/rosout/get_loggers] /rosout rosrpc://itodaisuke:39227
[rosmaster.master][INFO] 2022-06-18 05:05:00,149: -SERVICE [/rosout/set_logger_level] /rosout rosrpc://itodaisuke:39227
[rosmaster.master][INFO] 2022-06-18 05:05:00,150: -CACHEDPARAM [/rosout/omit_topics] by /rosout
[rosmaster.main][INFO] 2022-06-18 05:05:00,254: keyboard interrupt, will exit
[rosmaster.main][INFO] 2022-06-18 05:05:00,255: stopping master...
[rospy.core][INFO] 2022-06-18 05:05:00,255: signal_shutdown [atexit]
