[roslaunch][INFO] 2022-06-18 05:36:05,018: Checking log directory for disk usage. This may take a while.
Press Ctrl-C to interrupt
[roslaunch][INFO] 2022-06-18 05:36:05,025: Done checking log file disk usage. Usage is <1GB.
[roslaunch][INFO] 2022-06-18 05:36:05,025: roslaunch starting with args ['roscore', '--core']
[roslaunch][INFO] 2022-06-18 05:36:05,025: roslaunch env is {'ROS_DISTRO': 'melodic', 'ROSLISP_PACKAGE_DIRECTORIES': '', 'HOME': '/root', 'PATH': '/opt/ros/melodic/bin:/usr/local/sbin:/usr/local/bin:/usr/sbin:/usr/bin:/sbin:/bin', 'ROS_PACKAGE_PATH': '/opt/ros/melodic/share', 'CMAKE_PREFIX_PATH': '/opt/ros/melodic', 'DISPLAY': ':1', 'LANG': 'C.UTF-8', 'TERM': 'xterm', 'ROS_LOG_FILENAME': '/root/.ros/log/8be397b2-eec8-11ec-837b-6c5ab09b33be/roslaunch-itodaisuke-34.log', 'SHLVL': '1', 'LD_LIBRARY_PATH': '/opt/ros/melodic/lib', 'ROS_MASTER_URI': 'http://localhost:11311', 'ROS_PYTHON_VERSION': '2', 'PYTHONPATH': '/opt/ros/melodic/lib/python2.7/dist-packages', 'ROS_ROOT': '/opt/ros/melodic/share/ros', 'PKG_CONFIG_PATH': '/opt/ros/melodic/lib/pkgconfig', 'LC_ALL': 'C.UTF-8', '_': '/opt/ros/melodic/bin/roscore', 'HOSTNAME': 'itodaisuke', 'PWD': '/', 'ROS_ETC_DIR': '/opt/ros/melodic/etc/ros', 'ROS_VERSION': '1'}
[roslaunch][INFO] 2022-06-18 05:36:05,025: starting in server mode
[roslaunch.parent][INFO] 2022-06-18 05:36:05,025: starting roslaunch parent run
[roslaunch][INFO] 2022-06-18 05:36:05,026: loading roscore config file /opt/ros/melodic/etc/ros/roscore.xml
[roslaunch][INFO] 2022-06-18 05:36:05,158: Added core node of type [rosout/rosout] in namespace [/]
[roslaunch.pmon][INFO] 2022-06-18 05:36:05,158: start_process_monitor: creating ProcessMonitor
[roslaunch.pmon][INFO] 2022-06-18 05:36:05,158: created process monitor <ProcessMonitor(ProcessMonitor-1, initial daemon)>
[roslaunch.pmon][INFO] 2022-06-18 05:36:05,158: start_process_monitor: ProcessMonitor started
[roslaunch.parent][INFO] 2022-06-18 05:36:05,159: starting parent XML-RPC server
[roslaunch.server][INFO] 2022-06-18 05:36:05,159: starting roslaunch XML-RPC server
[roslaunch.server][INFO] 2022-06-18 05:36:05,159: waiting for roslaunch XML-RPC server to initialize
[xmlrpc][INFO] 2022-06-18 05:36:05,159: XML-RPC server binding to 0.0.0.0:0
[xmlrpc][INFO] 2022-06-18 05:36:05,159: Started XML-RPC server [http://itodaisuke:34669/]
[xmlrpc][INFO] 2022-06-18 05:36:05,160: xml rpc node: starting XML-RPC server
[roslaunch][INFO] 2022-06-18 05:36:05,174: started roslaunch server http://itodaisuke:34669/
[roslaunch.parent][INFO] 2022-06-18 05:36:05,174: ... parent XML-RPC server started
[roslaunch][INFO] 2022-06-18 05:36:05,174: master.is_running[http://itodaisuke:11311/]
[roslaunch][INFO] 2022-06-18 05:36:05,180: auto-starting new master
[roslaunch][INFO] 2022-06-18 05:36:05,180: create_master_process: rosmaster, /opt/ros/melodic/share/ros, 11311, 3, None, False
[roslaunch][INFO] 2022-06-18 05:36:05,180: process[master]: launching with args [['rosmaster', '--core', '-p', '11311', '-w', '3']]
[roslaunch.pmon][INFO] 2022-06-18 05:36:05,180: ProcessMonitor.register[master]
[roslaunch.pmon][INFO] 2022-06-18 05:36:05,180: ProcessMonitor.register[master] complete
[roslaunch][INFO] 2022-06-18 05:36:05,180: process[master]: starting os process
[roslaunch][INFO] 2022-06-18 05:36:05,180: process[master]: start w/ args [['rosmaster', '--core', '-p', '11311', '-w', '3', '__log:=/root/.ros/log/8be397b2-eec8-11ec-837b-6c5ab09b33be/master.log']]
[roslaunch][INFO] 2022-06-18 05:36:05,180: process[master]: cwd will be [/root/.ros]
[roslaunch][INFO] 2022-06-18 05:36:05,271: process[master]: started with pid [44]
[roslaunch][INFO] 2022-06-18 05:36:05,271: master.is_running[http://itodaisuke:11311/]
[roslaunch][INFO] 2022-06-18 05:36:05,373: master.is_running[http://itodaisuke:11311/]
[roslaunch][INFO] 2022-06-18 05:36:05,475: master.is_running[http://itodaisuke:11311/]
[roslaunch][INFO] 2022-06-18 05:36:05,478: master.is_running[http://itodaisuke:11311/]
[roslaunch][INFO] 2022-06-18 05:36:05,480: ROS_MASTER_URI=http://itodaisuke:11311/
[roslaunch][INFO] 2022-06-18 05:36:05,482: setting /run_id to 8be397b2-eec8-11ec-837b-6c5ab09b33be
[roslaunch][INFO] 2022-06-18 05:36:05,483: setting /roslaunch/uris/host_itodaisuke__34669' to http://itodaisuke:34669/
[roslaunch][INFO] 2022-06-18 05:36:05,486: ... preparing to launch node of type [rosout/rosout]
[roslaunch][INFO] 2022-06-18 05:36:05,486: create_node_process: package[rosout] type[rosout] machine[Machine(name[] env_loader[None] address[localhost] ssh_port[22] user[None] assignable[True] timeout[10.0])] master_uri[http://itodaisuke:11311/]
[roslaunch][INFO] 2022-06-18 05:36:05,486: process[rosout-1]: env[{'ROS_DISTRO': 'melodic', 'ROSLISP_PACKAGE_DIRECTORIES': '', 'ROS_PACKAGE_PATH': '/opt/ros/melodic/share', 'PATH': '/opt/ros/melodic/bin:/usr/local/sbin:/usr/local/bin:/usr/sbin:/usr/bin:/sbin:/bin', 'CMAKE_PREFIX_PATH': '/opt/ros/melodic', 'ROS_LOG_FILENAME': '/root/.ros/log/8be397b2-eec8-11ec-837b-6c5ab09b33be/roslaunch-itodaisuke-34.log', 'LANG': 'C.UTF-8', 'TERM': 'xterm', 'SHLVL': '1', 'LD_LIBRARY_PATH': '/opt/ros/melodic/lib', 'ROS_MASTER_URI': 'http://itodaisuke:11311/', 'HOME': '/root', 'ROS_PYTHON_VERSION': '2', 'PYTHONPATH': '/opt/ros/melodic/lib/python2.7/dist-packages', 'ROS_ROOT': '/opt/ros/melodic/share/ros', 'PKG_CONFIG_PATH': '/opt/ros/melodic/lib/pkgconfig', 'LC_ALL': 'C.UTF-8', '_': '/opt/ros/melodic/bin/roscore', 'DISPLAY': ':1', 'HOSTNAME': 'itodaisuke', 'PWD': '/', 'ROS_ETC_DIR': '/opt/ros/melodic/etc/ros', 'ROS_VERSION': '1'}]
[roslaunch][INFO] 2022-06-18 05:36:05,500: process[rosout-1]: args[[u'/opt/ros/melodic/lib/rosout/rosout', u'__name:=rosout']]
[roslaunch][INFO] 2022-06-18 05:36:05,500: ... created process [rosout-1]
[roslaunch.pmon][INFO] 2022-06-18 05:36:05,500: ProcessMonitor.register[rosout-1]
[roslaunch.pmon][INFO] 2022-06-18 05:36:05,500: ProcessMonitor.register[rosout-1] complete
[roslaunch][INFO] 2022-06-18 05:36:05,500: ... registered process [rosout-1]
[roslaunch][INFO] 2022-06-18 05:36:05,500: process[rosout-1]: starting os process
[roslaunch][INFO] 2022-06-18 05:36:05,500: process[rosout-1]: start w/ args [[u'/opt/ros/melodic/lib/rosout/rosout', u'__name:=rosout', u'__log:=/root/.ros/log/8be397b2-eec8-11ec-837b-6c5ab09b33be/rosout-1.log']]
[roslaunch][INFO] 2022-06-18 05:36:05,500: process[rosout-1]: cwd will be [/root/.ros]
[roslaunch][INFO] 2022-06-18 05:36:05,593: process[rosout-1]: started with pid [55]
[roslaunch][INFO] 2022-06-18 05:36:05,593: ... successfully launched [rosout-1]
[roslaunch][INFO] 2022-06-18 05:36:05,594: load_parameters starting ...
[roslaunch][INFO] 2022-06-18 05:36:05,598: ... load_parameters complete
[roslaunch][INFO] 2022-06-18 05:36:05,598: launch_nodes: launching local nodes ...
[roslaunch][INFO] 2022-06-18 05:36:05,598: ... launch_nodes complete
[roslaunch.pmon][INFO] 2022-06-18 05:36:05,598: registrations completed <ProcessMonitor(ProcessMonitor-1, started daemon 139784546572032)>
[roslaunch.parent][INFO] 2022-06-18 05:36:05,599: ... roslaunch parent running, waiting for process exit
[roslaunch][INFO] 2022-06-18 05:36:05,599: spin
[roslaunch.pmon][INFO] 2022-06-18 05:37:28,024: ProcessMonitor.shutdown <ProcessMonitor(ProcessMonitor-1, started daemon 139784546572032)>
[roslaunch.pmon][INFO] 2022-06-18 05:37:28,031: ProcessMonitor._post_run <ProcessMonitor(ProcessMonitor-1, started daemon 139784546572032)>
[roslaunch.pmon][INFO] 2022-06-18 05:37:28,032: ProcessMonitor._post_run <ProcessMonitor(ProcessMonitor-1, started daemon 139784546572032)>: remaining procs are [<roslaunch.nodeprocess.LocalProcess object at 0x7f2220400cd0>, <roslaunch.nodeprocess.LocalProcess object at 0x7f22203f0e90>]
[roslaunch.pmon][INFO] 2022-06-18 05:37:28,033: ProcessMonitor exit: killing rosout-1
[roslaunch][INFO] 2022-06-18 05:37:28,033: [rosout-1] killing on exit
[roslaunch][INFO] 2022-06-18 05:37:28,033: process[rosout-1]: killing os process with pid[55] pgid[55]
[roslaunch][INFO] 2022-06-18 05:37:28,033: [rosout-1] sending SIGINT to pgid [55]
[roslaunch][INFO] 2022-06-18 05:37:28,033: [rosout-1] sent SIGINT to pgid [55]
[roslaunch][INFO] 2022-06-18 05:37:28,234: process[rosout-1]: SIGINT killed with return value 0
[roslaunch.pmon][INFO] 2022-06-18 05:37:28,234: ProcessMonitor exit: killing master
[roslaunch][INFO] 2022-06-18 05:37:28,234: [master] killing on exit
[roslaunch][INFO] 2022-06-18 05:37:28,234: process[master]: killing os process with pid[44] pgid[44]
[roslaunch][INFO] 2022-06-18 05:37:28,234: [master] sending SIGINT to pgid [44]
[roslaunch][INFO] 2022-06-18 05:37:28,234: [master] sent SIGINT to pgid [44]
[roslaunch][INFO] 2022-06-18 05:37:28,434: process[master]: SIGINT killed with return value 0
[roslaunch.pmon][INFO] 2022-06-18 05:37:28,435: ProcessMonitor exit: cleaning up data structures and signals
[roslaunch.pmon][INFO] 2022-06-18 05:37:28,435: ProcessMonitor exit: pmon has shutdown
[roslaunch][INFO] 2022-06-18 05:37:28,438: process monitor is done spinning, initiating full shutdown
[roslaunch][INFO] 2022-06-18 05:37:28,438: runner.stop()
[roslaunch][INFO] 2022-06-18 05:37:28,438: shutting down processing monitor...
[roslaunch][INFO] 2022-06-18 05:37:28,438: shutting down processing monitor <ProcessMonitor(ProcessMonitor-1, stopped daemon 139784546572032)>
[roslaunch.pmon][INFO] 2022-06-18 05:37:28,438: ProcessMonitor.shutdown <ProcessMonitor(ProcessMonitor-1, stopped daemon 139784546572032)>
[roslaunch][INFO] 2022-06-18 05:37:28,438: ... shutting down processing monitor complete
[roslaunch][INFO] 2022-06-18 05:37:28,438: done
[roslaunch.pmon][INFO] 2022-06-18 05:37:28,438: ProcessMonitor.shutdown <ProcessMonitor(ProcessMonitor-1, stopped daemon 139784546572032)>
[rospy.core][INFO] 2022-06-18 05:37:28,439: signal_shutdown [atexit]
