[rosmaster.main][INFO] 2022-06-18 04:33:07,361: initialization complete, waiting for shutdown
[rosmaster.main][INFO] 2022-06-18 04:33:07,361: Starting ROS Master Node
[xmlrpc][INFO] 2022-06-18 04:33:07,361: XML-RPC server binding to 0.0.0.0:11311
[xmlrpc][INFO] 2022-06-18 04:33:07,362: Started XML-RPC server [http://itodaisuke:11311/]
[rosmaster.master][INFO] 2022-06-18 04:33:07,362: Master initialized: port[11311], uri[http://itodaisuke:11311/]
[xmlrpc][INFO] 2022-06-18 04:33:07,362: xml rpc node: starting XML-RPC server
[rosmaster.master][INFO] 2022-06-18 04:33:07,428: +PARAM [/run_id] by /roslaunch
[rosmaster.master][INFO] 2022-06-18 04:33:07,429: +PARAM [/roslaunch/uris/host_itodaisuke__41829] by /roslaunch
[rosmaster.master][INFO] 2022-06-18 04:33:07,537: +PARAM [/rosversion] by /roslaunch
[rosmaster.master][INFO] 2022-06-18 04:33:07,537: +PARAM [/rosdistro] by /roslaunch
[rosmaster.master][INFO] 2022-06-18 04:33:07,540: +SERVICE [/rosout/get_loggers] /rosout http://itodaisuke:33899/
[rosmaster.master][INFO] 2022-06-18 04:33:07,541: +SERVICE [/rosout/set_logger_level] /rosout http://itodaisuke:33899/
[rosmaster.master][INFO] 2022-06-18 04:33:07,541: +PUB [/rosout_agg] /rosout http://itodaisuke:33899/
[rosmaster.master][INFO] 2022-06-18 04:33:07,543: +SUB [/rosout] /rosout http://itodaisuke:33899/
[rosmaster.master][INFO] 2022-06-18 04:33:19,024: +PUB [/rosout] /image_view http://itodaisuke:34851/
[rosmaster.master][INFO] 2022-06-18 04:33:19,024: +SERVICE [/image_view/get_loggers] /image_view http://itodaisuke:34851/
[rosmaster.master][INFO] 2022-06-18 04:33:19,025: +SERVICE [/image_view/set_logger_level] /image_view http://itodaisuke:34851/
[rosmaster.master][INFO] 2022-06-18 04:33:19,026: +CACHEDPARAM [/rosout_disable_topics_generation] by /image_view
[rosmaster.master][INFO] 2022-06-18 04:33:19,027: +SERVICE [/image_view/load_nodelet] /image_view http://itodaisuke:34851/
[rosmaster.master][INFO] 2022-06-18 04:33:19,027: +SERVICE [/image_view/unload_nodelet] /image_view http://itodaisuke:34851/
[rosmaster.master][INFO] 2022-06-18 04:33:19,028: +SERVICE [/image_view/list] /image_view http://itodaisuke:34851/
[rosmaster.master][INFO] 2022-06-18 04:33:19,077: publisherUpdate[/rosout] -> http://itodaisuke:33899/ ['http://itodaisuke:34851/']
[rosmaster.master][INFO] 2022-06-18 04:33:19,084: +SERVICE [/image_view/set_parameters] /image_view http://itodaisuke:34851/
[rosmaster.master][INFO] 2022-06-18 04:33:19,085: +PUB [/image_view/parameter_descriptions] /image_view http://itodaisuke:34851/
[rosmaster.master][INFO] 2022-06-18 04:33:19,085: +PUB [/image_view/parameter_updates] /image_view http://itodaisuke:34851/
[rosmaster.master][INFO] 2022-06-18 04:33:19,088: +PARAM [/image_view/do_dynamic_scaling] by /image_view
[rosmaster.master][INFO] 2022-06-18 04:33:19,088: +PARAM [/image_view/colormap] by /image_view
[rosmaster.master][INFO] 2022-06-18 04:33:19,089: +PARAM [/image_view/min_image_value] by /image_view
[rosmaster.master][INFO] 2022-06-18 04:33:19,089: +PARAM [/image_view/max_image_value] by /image_view
[rosmaster.master][INFO] 2022-06-18 04:33:19,093: +SUB [/image_raw] /image_view http://itodaisuke:34851/
[rosmaster.master][INFO] 2022-06-18 04:33:19,094: +PUB [/image_view/output] /image_view http://itodaisuke:34851/
[rosmaster.master][INFO] 2022-06-18 04:33:19,094: +PARAM [/image_view/do_dynamic_scaling] by /image_view
[rosmaster.master][INFO] 2022-06-18 04:33:19,094: +PARAM [/image_view/colormap] by /image_view
[rosmaster.master][INFO] 2022-06-18 04:33:19,095: +PARAM [/image_view/min_image_value] by /image_view
[rosmaster.master][INFO] 2022-06-18 04:33:19,095: +PARAM [/image_view/max_image_value] by /image_view
[rosmaster.master][INFO] 2022-06-18 04:33:19,120: publisherUpdate[/rosout] -> http://itodaisuke:33899/ ['http://itodaisuke:34851/']: sec=0.04, result=[1, '', 0]
[rosmaster.master][INFO] 2022-06-18 04:33:19,324: +CACHEDPARAM [/rosout/omit_topics] by /rosout
[rosmaster.master][INFO] 2022-06-18 04:33:27,678: +PUB [/rosout] /uvc_camera http://itodaisuke:43093/
[rosmaster.master][INFO] 2022-06-18 04:33:27,678: +SERVICE [/uvc_camera/get_loggers] /uvc_camera http://itodaisuke:43093/
[rosmaster.master][INFO] 2022-06-18 04:33:27,679: +SERVICE [/uvc_camera/set_logger_level] /uvc_camera http://itodaisuke:43093/
[rosmaster.master][INFO] 2022-06-18 04:33:27,688: publisherUpdate[/rosout] -> http://itodaisuke:33899/ ['http://itodaisuke:34851/', 'http://itodaisuke:43093/']
[rosmaster.master][INFO] 2022-06-18 04:33:27,691: +SERVICE [/set_camera_info] /uvc_camera http://itodaisuke:43093/
[rosmaster.master][INFO] 2022-06-18 04:33:27,692: +CACHEDPARAM [/rosout_disable_topics_generation] by /uvc_camera
[rosmaster.master][INFO] 2022-06-18 04:33:27,694: +PUB [/image_raw] /uvc_camera http://itodaisuke:43093/
[rosmaster.master][INFO] 2022-06-18 04:33:27,694: +PUB [/camera_info] /uvc_camera http://itodaisuke:43093/
[rosmaster.master][INFO] 2022-06-18 04:33:27,730: publisherUpdate[/rosout] -> http://itodaisuke:33899/ ['http://itodaisuke:34851/', 'http://itodaisuke:43093/']: sec=0.04, result=[1, '', 0]
[rosmaster.master][INFO] 2022-06-18 04:33:27,730: publisherUpdate[/image_raw] -> http://itodaisuke:34851/ ['http://itodaisuke:43093/']
[rosmaster.master][INFO] 2022-06-18 04:33:27,763: publisherUpdate[/image_raw] -> http://itodaisuke:34851/ ['http://itodaisuke:43093/']: sec=0.03, result=[1, '', 0]
[rosmaster.master][INFO] 2022-06-18 04:34:10,150: +PUB [/rosout] /image_view http://itodaisuke:37441/
[rosmaster.master][INFO] 2022-06-18 04:34:10,152: +SERVICE [/image_view/get_loggers] /image_view http://itodaisuke:37441/
[rosmaster.master][INFO] 2022-06-18 04:34:10,153: +SERVICE [/image_view/set_logger_level] /image_view http://itodaisuke:37441/
[rosmaster.master][INFO] 2022-06-18 04:34:10,155: +SUB [/image_raw] /image_view http://itodaisuke:37441/
[rosmaster.master][INFO] 2022-06-18 04:34:10,218: publisherUpdate[/rosout] -> http://itodaisuke:33899/ ['http://itodaisuke:43093/', 'http://itodaisuke:37441/']
[rosmaster.master][INFO] 2022-06-18 04:34:10,221: publisherUpdate[/rosout] -> http://itodaisuke:33899/ ['http://itodaisuke:43093/', 'http://itodaisuke:37441/']: sec=0.00, result=[1, '', 0]
[rosmaster.master][INFO] 2022-06-18 04:34:10,329: -PUB [/rosout] /image_view http://itodaisuke:34851/
[rosmaster.master][INFO] 2022-06-18 04:34:10,330: -PUB [/image_view/parameter_descriptions] /image_view http://itodaisuke:34851/
[rosmaster.master][INFO] 2022-06-18 04:34:10,330: -PUB [/image_view/parameter_updates] /image_view http://itodaisuke:34851/
[rosmaster.master][INFO] 2022-06-18 04:34:10,330: -PUB [/image_view/output] /image_view http://itodaisuke:34851/
[rosmaster.master][INFO] 2022-06-18 04:34:10,331: -SUB [/image_raw] /image_view http://itodaisuke:34851/
[rosmaster.master][INFO] 2022-06-18 04:34:10,331: -SERVICE [/image_view/get_loggers] /image_view rosrpc://itodaisuke:36673
[rosmaster.master][INFO] 2022-06-18 04:34:10,332: -SERVICE [/image_view/set_logger_level] /image_view rosrpc://itodaisuke:36673
[rosmaster.master][INFO] 2022-06-18 04:34:10,332: -SERVICE [/image_view/load_nodelet] /image_view rosrpc://itodaisuke:36673
[rosmaster.master][INFO] 2022-06-18 04:34:10,333: -SERVICE [/image_view/unload_nodelet] /image_view rosrpc://itodaisuke:36673
[rosmaster.master][INFO] 2022-06-18 04:34:10,333: -SERVICE [/image_view/list] /image_view rosrpc://itodaisuke:36673
[rosmaster.master][INFO] 2022-06-18 04:34:10,334: -SERVICE [/image_view/set_parameters] /image_view rosrpc://itodaisuke:36673
[rosmaster.master][INFO] 2022-06-18 04:34:10,334: -CACHEDPARAM [/rosout_disable_topics_generation] by /image_view
[rosmaster.master][INFO] 2022-06-18 04:34:22,539: -SUB [/image_raw] /image_view http://itodaisuke:37441/
[rosmaster.master][INFO] 2022-06-18 04:34:22,540: -PUB [/rosout] /image_view http://itodaisuke:37441/
[rosmaster.master][INFO] 2022-06-18 04:34:22,540: -SERVICE [/image_view/get_loggers] /image_view rosrpc://itodaisuke:44683
[rosmaster.master][INFO] 2022-06-18 04:34:22,540: -SERVICE [/image_view/set_logger_level] /image_view rosrpc://itodaisuke:44683
[rosmaster.master][INFO] 2022-06-18 04:34:22,543: publisherUpdate[/rosout] -> http://itodaisuke:33899/ ['http://itodaisuke:43093/']
[rosmaster.master][INFO] 2022-06-18 04:34:22,544: publisherUpdate[/rosout] -> http://itodaisuke:33899/ ['http://itodaisuke:43093/']: sec=0.00, result=[1, '', 0]
[rosmaster.master][INFO] 2022-06-18 04:36:14,844: -PUB [/rosout] /uvc_camera http://itodaisuke:43093/
[rosmaster.master][INFO] 2022-06-18 04:36:14,844: -PUB [/image_raw] /uvc_camera http://itodaisuke:43093/
[rosmaster.master][INFO] 2022-06-18 04:36:14,845: -PUB [/camera_info] /uvc_camera http://itodaisuke:43093/
[rosmaster.master][INFO] 2022-06-18 04:36:14,845: -SERVICE [/uvc_camera/get_loggers] /uvc_camera rosrpc://itodaisuke:38023
[rosmaster.master][INFO] 2022-06-18 04:36:14,846: -SERVICE [/uvc_camera/set_logger_level] /uvc_camera rosrpc://itodaisuke:38023
[rosmaster.master][INFO] 2022-06-18 04:36:14,846: -SERVICE [/set_camera_info] /uvc_camera rosrpc://itodaisuke:38023
[rosmaster.master][INFO] 2022-06-18 04:36:14,846: -CACHEDPARAM [/rosout_disable_topics_generation] by /uvc_camera
[rosmaster.master][INFO] 2022-06-18 04:36:14,894: publisherUpdate[/rosout] -> http://itodaisuke:33899/ []
[rosmaster.master][INFO] 2022-06-18 04:36:14,895: publisherUpdate[/rosout] -> http://itodaisuke:33899/ []: sec=0.00, result=[1, '', 0]
[rosmaster.master][INFO] 2022-06-18 04:36:18,701: -PUB [/rosout_agg] /rosout http://itodaisuke:33899/
[rosmaster.master][INFO] 2022-06-18 04:36:18,702: -SUB [/rosout] /rosout http://itodaisuke:33899/
[rosmaster.master][INFO] 2022-06-18 04:36:18,702: -SERVICE [/rosout/get_loggers] /rosout rosrpc://itodaisuke:42903
[rosmaster.master][INFO] 2022-06-18 04:36:18,703: -SERVICE [/rosout/set_logger_level] /rosout rosrpc://itodaisuke:42903
[rosmaster.master][INFO] 2022-06-18 04:36:18,703: -CACHEDPARAM [/rosout/omit_topics] by /rosout
[rosmaster.main][INFO] 2022-06-18 04:36:18,720: keyboard interrupt, will exit
[rosmaster.main][INFO] 2022-06-18 04:36:18,720: stopping master...
[rospy.core][INFO] 2022-06-18 04:36:18,721: signal_shutdown [atexit]
