[roslaunch][INFO] 2022-06-18 04:33:07,014: Checking log directory for disk usage. This may take a while.
Press Ctrl-C to interrupt
[roslaunch][INFO] 2022-06-18 04:33:07,016: Done checking log file disk usage. Usage is <1GB.
[roslaunch][INFO] 2022-06-18 04:33:07,017: roslaunch starting with args ['roscore', '--core']
[roslaunch][INFO] 2022-06-18 04:33:07,017: roslaunch env is {'ROS_DISTRO': 'melodic', 'ROSLISP_PACKAGE_DIRECTORIES': '', 'HOME': '/root', 'PATH': '/opt/ros/melodic/bin:/usr/local/sbin:/usr/local/bin:/usr/sbin:/usr/bin:/sbin:/bin', 'ROS_PACKAGE_PATH': '/opt/ros/melodic/share', 'CMAKE_PREFIX_PATH': '/opt/ros/melodic', 'DISPLAY': ':1', 'LANG': 'C.UTF-8', 'TERM': 'xterm', 'ROS_LOG_FILENAME': '/root/.ros/log/c00e53fa-eebf-11ec-bf69-6c5ab09b33be/roslaunch-itodaisuke-35.log', 'SHLVL': '1', 'LD_LIBRARY_PATH': '/opt/ros/melodic/lib', 'ROS_MASTER_URI': 'http://localhost:11311', 'ROS_PYTHON_VERSION': '2', 'PYTHONPATH': '/opt/ros/melodic/lib/python2.7/dist-packages', 'ROS_ROOT': '/opt/ros/melodic/share/ros', 'PKG_CONFIG_PATH': '/opt/ros/melodic/lib/pkgconfig', 'LC_ALL': 'C.UTF-8', '_': '/opt/ros/melodic/bin/roscore', 'HOSTNAME': 'itodaisuke', 'PWD': '/', 'ROS_ETC_DIR': '/opt/ros/melodic/etc/ros', 'ROS_VERSION': '1'}
[roslaunch][INFO] 2022-06-18 04:33:07,017: starting in server mode
[roslaunch.parent][INFO] 2022-06-18 04:33:07,017: starting roslaunch parent run
[roslaunch][INFO] 2022-06-18 04:33:07,017: loading roscore config file /opt/ros/melodic/etc/ros/roscore.xml
[roslaunch][INFO] 2022-06-18 04:33:07,102: Added core node of type [rosout/rosout] in namespace [/]
[roslaunch.pmon][INFO] 2022-06-18 04:33:07,102: start_process_monitor: creating ProcessMonitor
[roslaunch.pmon][INFO] 2022-06-18 04:33:07,102: created process monitor <ProcessMonitor(ProcessMonitor-1, initial daemon)>
[roslaunch.pmon][INFO] 2022-06-18 04:33:07,102: start_process_monitor: ProcessMonitor started
[roslaunch.parent][INFO] 2022-06-18 04:33:07,102: starting parent XML-RPC server
[roslaunch.server][INFO] 2022-06-18 04:33:07,102: starting roslaunch XML-RPC server
[roslaunch.server][INFO] 2022-06-18 04:33:07,102: waiting for roslaunch XML-RPC server to initialize
[xmlrpc][INFO] 2022-06-18 04:33:07,102: XML-RPC server binding to 0.0.0.0:0
[xmlrpc][INFO] 2022-06-18 04:33:07,103: Started XML-RPC server [http://itodaisuke:41829/]
[xmlrpc][INFO] 2022-06-18 04:33:07,103: xml rpc node: starting XML-RPC server
[roslaunch][INFO] 2022-06-18 04:33:07,115: started roslaunch server http://itodaisuke:41829/
[roslaunch.parent][INFO] 2022-06-18 04:33:07,116: ... parent XML-RPC server started
[roslaunch][INFO] 2022-06-18 04:33:07,116: master.is_running[http://itodaisuke:11311/]
[roslaunch][INFO] 2022-06-18 04:33:07,121: auto-starting new master
[roslaunch][INFO] 2022-06-18 04:33:07,121: create_master_process: rosmaster, /opt/ros/melodic/share/ros, 11311, 3, None, False
[roslaunch][INFO] 2022-06-18 04:33:07,121: process[master]: launching with args [['rosmaster', '--core', '-p', '11311', '-w', '3']]
[roslaunch.pmon][INFO] 2022-06-18 04:33:07,121: ProcessMonitor.register[master]
[roslaunch.pmon][INFO] 2022-06-18 04:33:07,121: ProcessMonitor.register[master] complete
[roslaunch][INFO] 2022-06-18 04:33:07,121: process[master]: starting os process
[roslaunch][INFO] 2022-06-18 04:33:07,122: process[master]: start w/ args [['rosmaster', '--core', '-p', '11311', '-w', '3', '__log:=/root/.ros/log/c00e53fa-eebf-11ec-bf69-6c5ab09b33be/master.log']]
[roslaunch][INFO] 2022-06-18 04:33:07,122: process[master]: cwd will be [/root/.ros]
[roslaunch][INFO] 2022-06-18 04:33:07,215: process[master]: started with pid [45]
[roslaunch][INFO] 2022-06-18 04:33:07,215: master.is_running[http://itodaisuke:11311/]
[roslaunch][INFO] 2022-06-18 04:33:07,318: master.is_running[http://itodaisuke:11311/]
[roslaunch][INFO] 2022-06-18 04:33:07,420: master.is_running[http://itodaisuke:11311/]
[roslaunch][INFO] 2022-06-18 04:33:07,423: master.is_running[http://itodaisuke:11311/]
[roslaunch][INFO] 2022-06-18 04:33:07,425: ROS_MASTER_URI=http://itodaisuke:11311/
[roslaunch][INFO] 2022-06-18 04:33:07,427: setting /run_id to c00e53fa-eebf-11ec-bf69-6c5ab09b33be
[roslaunch][INFO] 2022-06-18 04:33:07,428: setting /roslaunch/uris/host_itodaisuke__41829' to http://itodaisuke:41829/
[roslaunch][INFO] 2022-06-18 04:33:07,431: ... preparing to launch node of type [rosout/rosout]
[roslaunch][INFO] 2022-06-18 04:33:07,431: create_node_process: package[rosout] type[rosout] machine[Machine(name[] env_loader[None] address[localhost] ssh_port[22] user[None] assignable[True] timeout[10.0])] master_uri[http://itodaisuke:11311/]
[roslaunch][INFO] 2022-06-18 04:33:07,431: process[rosout-1]: env[{'ROS_DISTRO': 'melodic', 'ROSLISP_PACKAGE_DIRECTORIES': '', 'ROS_PACKAGE_PATH': '/opt/ros/melodic/share', 'PATH': '/opt/ros/melodic/bin:/usr/local/sbin:/usr/local/bin:/usr/sbin:/usr/bin:/sbin:/bin', 'CMAKE_PREFIX_PATH': '/opt/ros/melodic', 'ROS_LOG_FILENAME': '/root/.ros/log/c00e53fa-eebf-11ec-bf69-6c5ab09b33be/roslaunch-itodaisuke-35.log', 'LANG': 'C.UTF-8', 'TERM': 'xterm', 'SHLVL': '1', 'LD_LIBRARY_PATH': '/opt/ros/melodic/lib', 'ROS_MASTER_URI': 'http://itodaisuke:11311/', 'HOME': '/root', 'ROS_PYTHON_VERSION': '2', 'PYTHONPATH': '/opt/ros/melodic/lib/python2.7/dist-packages', 'ROS_ROOT': '/opt/ros/melodic/share/ros', 'PKG_CONFIG_PATH': '/opt/ros/melodic/lib/pkgconfig', 'LC_ALL': 'C.UTF-8', '_': '/opt/ros/melodic/bin/roscore', 'DISPLAY': ':1', 'HOSTNAME': 'itodaisuke', 'PWD': '/', 'ROS_ETC_DIR': '/opt/ros/melodic/etc/ros', 'ROS_VERSION': '1'}]
[roslaunch][INFO] 2022-06-18 04:33:07,443: process[rosout-1]: args[[u'/opt/ros/melodic/lib/rosout/rosout', u'__name:=rosout']]
[roslaunch][INFO] 2022-06-18 04:33:07,443: ... created process [rosout-1]
[roslaunch.pmon][INFO] 2022-06-18 04:33:07,444: ProcessMonitor.register[rosout-1]
[roslaunch.pmon][INFO] 2022-06-18 04:33:07,444: ProcessMonitor.register[rosout-1] complete
[roslaunch][INFO] 2022-06-18 04:33:07,444: ... registered process [rosout-1]
[roslaunch][INFO] 2022-06-18 04:33:07,444: process[rosout-1]: starting os process
[roslaunch][INFO] 2022-06-18 04:33:07,444: process[rosout-1]: start w/ args [[u'/opt/ros/melodic/lib/rosout/rosout', u'__name:=rosout', u'__log:=/root/.ros/log/c00e53fa-eebf-11ec-bf69-6c5ab09b33be/rosout-1.log']]
[roslaunch][INFO] 2022-06-18 04:33:07,444: process[rosout-1]: cwd will be [/root/.ros]
[roslaunch][INFO] 2022-06-18 04:33:07,531: process[rosout-1]: started with pid [56]
[roslaunch][INFO] 2022-06-18 04:33:07,531: ... successfully launched [rosout-1]
[roslaunch][INFO] 2022-06-18 04:33:07,533: load_parameters starting ...
[roslaunch][INFO] 2022-06-18 04:33:07,538: ... load_parameters complete
[roslaunch][INFO] 2022-06-18 04:33:07,538: launch_nodes: launching local nodes ...
[roslaunch][INFO] 2022-06-18 04:33:07,538: ... launch_nodes complete
[roslaunch.pmon][INFO] 2022-06-18 04:33:07,538: registrations completed <ProcessMonitor(ProcessMonitor-1, started daemon 139987461330688)>
[roslaunch.parent][INFO] 2022-06-18 04:33:07,538: ... roslaunch parent running, waiting for process exit
[roslaunch][INFO] 2022-06-18 04:33:07,538: spin
[roslaunch.pmon][INFO] 2022-06-18 04:36:18,607: ProcessMonitor.shutdown <ProcessMonitor(ProcessMonitor-1, started daemon 139987461330688)>
[roslaunch.pmon][INFO] 2022-06-18 04:36:18,617: ProcessMonitor._post_run <ProcessMonitor(ProcessMonitor-1, started daemon 139987461330688)>
[roslaunch.pmon][INFO] 2022-06-18 04:36:18,618: ProcessMonitor._post_run <ProcessMonitor(ProcessMonitor-1, started daemon 139987461330688)>: remaining procs are [<roslaunch.nodeprocess.LocalProcess object at 0x7f515ee98cd0>, <roslaunch.nodeprocess.LocalProcess object at 0x7f515ee88e90>]
[roslaunch.pmon][INFO] 2022-06-18 04:36:18,619: ProcessMonitor exit: killing rosout-1
[roslaunch][INFO] 2022-06-18 04:36:18,619: [rosout-1] killing on exit
[roslaunch][INFO] 2022-06-18 04:36:18,619: process[rosout-1]: killing os process with pid[56] pgid[56]
[roslaunch][INFO] 2022-06-18 04:36:18,619: [rosout-1] sending SIGINT to pgid [56]
[roslaunch][INFO] 2022-06-18 04:36:18,619: [rosout-1] sent SIGINT to pgid [56]
[roslaunch][INFO] 2022-06-18 04:36:18,720: process[rosout-1]: SIGINT killed with return value 0
[roslaunch.pmon][INFO] 2022-06-18 04:36:18,720: ProcessMonitor exit: killing master
[roslaunch][INFO] 2022-06-18 04:36:18,720: [master] killing on exit
[roslaunch][INFO] 2022-06-18 04:36:18,720: process[master]: killing os process with pid[45] pgid[45]
[roslaunch][INFO] 2022-06-18 04:36:18,720: [master] sending SIGINT to pgid [45]
[roslaunch][INFO] 2022-06-18 04:36:18,720: [master] sent SIGINT to pgid [45]
[roslaunch][INFO] 2022-06-18 04:36:18,921: process[master]: SIGINT killed with return value 0
[roslaunch.pmon][INFO] 2022-06-18 04:36:18,921: ProcessMonitor exit: cleaning up data structures and signals
[roslaunch.pmon][INFO] 2022-06-18 04:36:18,921: ProcessMonitor exit: pmon has shutdown
[roslaunch][INFO] 2022-06-18 04:36:18,964: process monitor is done spinning, initiating full shutdown
[roslaunch][INFO] 2022-06-18 04:36:18,964: runner.stop()
[roslaunch][INFO] 2022-06-18 04:36:18,964: shutting down processing monitor...
[roslaunch][INFO] 2022-06-18 04:36:18,964: shutting down processing monitor <ProcessMonitor(ProcessMonitor-1, stopped daemon 139987461330688)>
[roslaunch.pmon][INFO] 2022-06-18 04:36:18,964: ProcessMonitor.shutdown <ProcessMonitor(ProcessMonitor-1, stopped daemon 139987461330688)>
[roslaunch][INFO] 2022-06-18 04:36:18,964: ... shutting down processing monitor complete
[roslaunch][INFO] 2022-06-18 04:36:18,964: done
[roslaunch.pmon][INFO] 2022-06-18 04:36:18,964: ProcessMonitor.shutdown <ProcessMonitor(ProcessMonitor-1, stopped daemon 139987461330688)>
[rospy.core][INFO] 2022-06-18 04:36:18,964: signal_shutdown [atexit]
