[rosmaster.main][INFO] 2022-06-18 04:47:25,416: initialization complete, waiting for shutdown
[rosmaster.main][INFO] 2022-06-18 04:47:25,416: Starting ROS Master Node
[xmlrpc][INFO] 2022-06-18 04:47:25,417: XML-RPC server binding to 0.0.0.0:11311
[xmlrpc][INFO] 2022-06-18 04:47:25,417: Started XML-RPC server [http://itodaisuke:11311/]
[rosmaster.master][INFO] 2022-06-18 04:47:25,417: Master initialized: port[11311], uri[http://itodaisuke:11311/]
[xmlrpc][INFO] 2022-06-18 04:47:25,417: xml rpc node: starting XML-RPC server
[rosmaster.master][INFO] 2022-06-18 04:47:25,497: +PARAM [/run_id] by /roslaunch
[rosmaster.master][INFO] 2022-06-18 04:47:25,498: +PARAM [/roslaunch/uris/host_itodaisuke__45257] by /roslaunch
[rosmaster.master][INFO] 2022-06-18 04:47:25,610: +PARAM [/rosversion] by /roslaunch
[rosmaster.master][INFO] 2022-06-18 04:47:25,610: +PARAM [/rosdistro] by /roslaunch
[rosmaster.master][INFO] 2022-06-18 04:47:25,615: +SERVICE [/rosout/get_loggers] /rosout http://itodaisuke:45925/
[rosmaster.master][INFO] 2022-06-18 04:47:25,615: +SERVICE [/rosout/set_logger_level] /rosout http://itodaisuke:45925/
[rosmaster.master][INFO] 2022-06-18 04:47:25,616: +PUB [/rosout_agg] /rosout http://itodaisuke:45925/
[rosmaster.master][INFO] 2022-06-18 04:47:25,617: +SUB [/rosout] /rosout http://itodaisuke:45925/
[rosmaster.master][INFO] 2022-06-18 04:47:35,883: +PUB [/rosout] /image_view http://itodaisuke:45997/
[rosmaster.master][INFO] 2022-06-18 04:47:35,883: +SERVICE [/image_view/get_loggers] /image_view http://itodaisuke:45997/
[rosmaster.master][INFO] 2022-06-18 04:47:35,884: +SERVICE [/image_view/set_logger_level] /image_view http://itodaisuke:45997/
[rosmaster.master][INFO] 2022-06-18 04:47:35,885: +CACHEDPARAM [/rosout_disable_topics_generation] by /image_view
[rosmaster.master][INFO] 2022-06-18 04:47:35,885: +SERVICE [/image_view/load_nodelet] /image_view http://itodaisuke:45997/
[rosmaster.master][INFO] 2022-06-18 04:47:35,886: +SERVICE [/image_view/unload_nodelet] /image_view http://itodaisuke:45997/
[rosmaster.master][INFO] 2022-06-18 04:47:35,886: +SERVICE [/image_view/list] /image_view http://itodaisuke:45997/
[rosmaster.master][INFO] 2022-06-18 04:47:35,931: publisherUpdate[/rosout] -> http://itodaisuke:45925/ ['http://itodaisuke:45997/']
[rosmaster.master][INFO] 2022-06-18 04:47:35,940: +SERVICE [/image_view/set_parameters] /image_view http://itodaisuke:45997/
[rosmaster.master][INFO] 2022-06-18 04:47:35,941: +PUB [/image_view/parameter_descriptions] /image_view http://itodaisuke:45997/
[rosmaster.master][INFO] 2022-06-18 04:47:35,941: +PUB [/image_view/parameter_updates] /image_view http://itodaisuke:45997/
[rosmaster.master][INFO] 2022-06-18 04:47:35,942: +PARAM [/image_view/do_dynamic_scaling] by /image_view
[rosmaster.master][INFO] 2022-06-18 04:47:35,942: +PARAM [/image_view/colormap] by /image_view
[rosmaster.master][INFO] 2022-06-18 04:47:35,943: +PARAM [/image_view/min_image_value] by /image_view
[rosmaster.master][INFO] 2022-06-18 04:47:35,943: +PARAM [/image_view/max_image_value] by /image_view
[rosmaster.master][INFO] 2022-06-18 04:47:35,949: +SUB [/image_raw] /image_view http://itodaisuke:45997/
[rosmaster.master][INFO] 2022-06-18 04:47:35,949: +PUB [/image_view/output] /image_view http://itodaisuke:45997/
[rosmaster.master][INFO] 2022-06-18 04:47:35,950: +PARAM [/image_view/do_dynamic_scaling] by /image_view
[rosmaster.master][INFO] 2022-06-18 04:47:35,950: +PARAM [/image_view/colormap] by /image_view
[rosmaster.master][INFO] 2022-06-18 04:47:35,951: +PARAM [/image_view/min_image_value] by /image_view
[rosmaster.master][INFO] 2022-06-18 04:47:35,951: +PARAM [/image_view/max_image_value] by /image_view
[rosmaster.master][INFO] 2022-06-18 04:47:35,966: publisherUpdate[/rosout] -> http://itodaisuke:45925/ ['http://itodaisuke:45997/']: sec=0.03, result=[1, '', 0]
[rosmaster.master][INFO] 2022-06-18 04:47:36,169: +CACHEDPARAM [/rosout/omit_topics] by /rosout
[rosmaster.master][INFO] 2022-06-18 04:47:43,464: +PUB [/rosout] /uvc_camera http://itodaisuke:38971/
[rosmaster.master][INFO] 2022-06-18 04:47:43,465: +SERVICE [/uvc_camera/get_loggers] /uvc_camera http://itodaisuke:38971/
[rosmaster.master][INFO] 2022-06-18 04:47:43,465: +SERVICE [/uvc_camera/set_logger_level] /uvc_camera http://itodaisuke:38971/
[rosmaster.master][INFO] 2022-06-18 04:47:43,472: +SERVICE [/set_camera_info] /uvc_camera http://itodaisuke:38971/
[rosmaster.master][INFO] 2022-06-18 04:47:43,473: +CACHEDPARAM [/rosout_disable_topics_generation] by /uvc_camera
[rosmaster.master][INFO] 2022-06-18 04:47:43,475: +PUB [/image_raw] /uvc_camera http://itodaisuke:38971/
[rosmaster.master][INFO] 2022-06-18 04:47:43,475: +PUB [/camera_info] /uvc_camera http://itodaisuke:38971/
[rosmaster.master][INFO] 2022-06-18 04:47:43,476: publisherUpdate[/rosout] -> http://itodaisuke:45925/ ['http://itodaisuke:45997/', 'http://itodaisuke:38971/']
[rosmaster.master][INFO] 2022-06-18 04:47:43,478: publisherUpdate[/rosout] -> http://itodaisuke:45925/ ['http://itodaisuke:45997/', 'http://itodaisuke:38971/']: sec=0.00, result=[1, '', 0]
[rosmaster.master][INFO] 2022-06-18 04:47:43,478: publisherUpdate[/image_raw] -> http://itodaisuke:45997/ ['http://itodaisuke:38971/']
[rosmaster.master][INFO] 2022-06-18 04:47:43,519: publisherUpdate[/image_raw] -> http://itodaisuke:45997/ ['http://itodaisuke:38971/']: sec=0.04, result=[1, '', 0]
[rosmaster.master][INFO] 2022-06-18 04:48:26,985: +PUB [/rosout] /image_view http://itodaisuke:45727/
[rosmaster.master][INFO] 2022-06-18 04:48:26,988: +SERVICE [/image_view/get_loggers] /image_view http://itodaisuke:45727/
[rosmaster.master][INFO] 2022-06-18 04:48:26,989: +SERVICE [/image_view/set_logger_level] /image_view http://itodaisuke:45727/
[rosmaster.master][INFO] 2022-06-18 04:48:26,990: +SUB [/image_raw] /image_view http://itodaisuke:45727/
[rosmaster.master][INFO] 2022-06-18 04:48:26,998: publisherUpdate[/rosout] -> http://itodaisuke:45925/ ['http://itodaisuke:38971/', 'http://itodaisuke:45727/']
[rosmaster.master][INFO] 2022-06-18 04:48:27,060: publisherUpdate[/rosout] -> http://itodaisuke:45925/ ['http://itodaisuke:38971/', 'http://itodaisuke:45727/']: sec=0.06, result=[1, '', 0]
[rosmaster.master][INFO] 2022-06-18 04:48:27,158: -PUB [/rosout] /image_view http://itodaisuke:45997/
[rosmaster.master][INFO] 2022-06-18 04:48:27,159: -PUB [/image_view/parameter_descriptions] /image_view http://itodaisuke:45997/
[rosmaster.master][INFO] 2022-06-18 04:48:27,160: -PUB [/image_view/parameter_updates] /image_view http://itodaisuke:45997/
[rosmaster.master][INFO] 2022-06-18 04:48:27,160: -PUB [/image_view/output] /image_view http://itodaisuke:45997/
[rosmaster.master][INFO] 2022-06-18 04:48:27,161: -SUB [/image_raw] /image_view http://itodaisuke:45997/
[rosmaster.master][INFO] 2022-06-18 04:48:27,161: -SERVICE [/image_view/get_loggers] /image_view rosrpc://itodaisuke:47449
[rosmaster.master][INFO] 2022-06-18 04:48:27,162: -SERVICE [/image_view/set_logger_level] /image_view rosrpc://itodaisuke:47449
[rosmaster.master][INFO] 2022-06-18 04:48:27,162: -SERVICE [/image_view/load_nodelet] /image_view rosrpc://itodaisuke:47449
[rosmaster.master][INFO] 2022-06-18 04:48:27,163: -SERVICE [/image_view/unload_nodelet] /image_view rosrpc://itodaisuke:47449
[rosmaster.master][INFO] 2022-06-18 04:48:27,163: -SERVICE [/image_view/list] /image_view rosrpc://itodaisuke:47449
[rosmaster.master][INFO] 2022-06-18 04:48:27,164: -SERVICE [/image_view/set_parameters] /image_view rosrpc://itodaisuke:47449
[rosmaster.master][INFO] 2022-06-18 04:48:27,165: -CACHEDPARAM [/rosout_disable_topics_generation] by /image_view
[rosmaster.master][INFO] 2022-06-18 04:48:50,232: -SUB [/image_raw] /image_view http://itodaisuke:45727/
[rosmaster.master][INFO] 2022-06-18 04:48:50,232: -PUB [/rosout] /image_view http://itodaisuke:45727/
[rosmaster.master][INFO] 2022-06-18 04:48:50,232: -SERVICE [/image_view/get_loggers] /image_view rosrpc://itodaisuke:32777
[rosmaster.master][INFO] 2022-06-18 04:48:50,232: -SERVICE [/image_view/set_logger_level] /image_view rosrpc://itodaisuke:32777
[rosmaster.master][INFO] 2022-06-18 04:48:50,289: publisherUpdate[/rosout] -> http://itodaisuke:45925/ ['http://itodaisuke:38971/']
[rosmaster.master][INFO] 2022-06-18 04:48:50,326: publisherUpdate[/rosout] -> http://itodaisuke:45925/ ['http://itodaisuke:38971/']: sec=0.04, result=[1, '', 0]
[rosmaster.master][INFO] 2022-06-18 04:54:35,510: -PUB [/rosout] /uvc_camera http://itodaisuke:38971/
[rosmaster.master][INFO] 2022-06-18 04:54:35,511: -PUB [/image_raw] /uvc_camera http://itodaisuke:38971/
[rosmaster.master][INFO] 2022-06-18 04:54:35,511: -PUB [/camera_info] /uvc_camera http://itodaisuke:38971/
[rosmaster.master][INFO] 2022-06-18 04:54:35,512: -SERVICE [/uvc_camera/get_loggers] /uvc_camera rosrpc://itodaisuke:41885
[rosmaster.master][INFO] 2022-06-18 04:54:35,512: -SERVICE [/uvc_camera/set_logger_level] /uvc_camera rosrpc://itodaisuke:41885
[rosmaster.master][INFO] 2022-06-18 04:54:35,513: -SERVICE [/set_camera_info] /uvc_camera rosrpc://itodaisuke:41885
[rosmaster.master][INFO] 2022-06-18 04:54:35,513: -CACHEDPARAM [/rosout_disable_topics_generation] by /uvc_camera
[rosmaster.master][INFO] 2022-06-18 04:54:35,552: publisherUpdate[/rosout] -> http://itodaisuke:45925/ []
[rosmaster.master][INFO] 2022-06-18 04:54:35,553: publisherUpdate[/rosout] -> http://itodaisuke:45925/ []: sec=0.00, result=[1, '', 0]
[rosmaster.master][INFO] 2022-06-18 04:54:41,762: -PUB [/rosout_agg] /rosout http://itodaisuke:45925/
[rosmaster.master][INFO] 2022-06-18 04:54:41,763: -SUB [/rosout] /rosout http://itodaisuke:45925/
[rosmaster.master][INFO] 2022-06-18 04:54:41,764: -SERVICE [/rosout/get_loggers] /rosout rosrpc://itodaisuke:39611
[rosmaster.master][INFO] 2022-06-18 04:54:41,764: -SERVICE [/rosout/set_logger_level] /rosout rosrpc://itodaisuke:39611
[rosmaster.master][INFO] 2022-06-18 04:54:41,765: -CACHEDPARAM [/rosout/omit_topics] by /rosout
[rosmaster.main][INFO] 2022-06-18 04:54:41,873: keyboard interrupt, will exit
[rosmaster.main][INFO] 2022-06-18 04:54:41,873: stopping master...
[rospy.core][INFO] 2022-06-18 04:54:41,873: signal_shutdown [atexit]
