[roslaunch][INFO] 2022-06-18 04:47:25,075: Checking log directory for disk usage. This may take a while.
Press Ctrl-C to interrupt
[roslaunch][INFO] 2022-06-18 04:47:25,079: Done checking log file disk usage. Usage is <1GB.
[roslaunch][INFO] 2022-06-18 04:47:25,080: roslaunch starting with args ['roscore', '--core']
[roslaunch][INFO] 2022-06-18 04:47:25,080: roslaunch env is {'ROS_DISTRO': 'melodic', 'ROSLISP_PACKAGE_DIRECTORIES': '', 'HOME': '/root', 'PATH': '/opt/ros/melodic/bin:/usr/local/sbin:/usr/local/bin:/usr/sbin:/usr/bin:/sbin:/bin', 'ROS_PACKAGE_PATH': '/opt/ros/melodic/share', 'CMAKE_PREFIX_PATH': '/opt/ros/melodic', 'DISPLAY': ':1', 'LANG': 'C.UTF-8', 'TERM': 'xterm', 'ROS_LOG_FILENAME': '/root/.ros/log/bf802a92-eec1-11ec-b19f-6c5ab09b33be/roslaunch-itodaisuke-34.log', 'SHLVL': '1', 'LD_LIBRARY_PATH': '/opt/ros/melodic/lib', 'ROS_MASTER_URI': 'http://localhost:11311', 'ROS_PYTHON_VERSION': '2', 'PYTHONPATH': '/opt/ros/melodic/lib/python2.7/dist-packages', 'ROS_ROOT': '/opt/ros/melodic/share/ros', 'PKG_CONFIG_PATH': '/opt/ros/melodic/lib/pkgconfig', 'LC_ALL': 'C.UTF-8', '_': '/opt/ros/melodic/bin/roscore', 'HOSTNAME': 'itodaisuke', 'PWD': '/', 'ROS_ETC_DIR': '/opt/ros/melodic/etc/ros', 'ROS_VERSION': '1'}
[roslaunch][INFO] 2022-06-18 04:47:25,080: starting in server mode
[roslaunch.parent][INFO] 2022-06-18 04:47:25,080: starting roslaunch parent run
[roslaunch][INFO] 2022-06-18 04:47:25,080: loading roscore config file /opt/ros/melodic/etc/ros/roscore.xml
[roslaunch][INFO] 2022-06-18 04:47:25,170: Added core node of type [rosout/rosout] in namespace [/]
[roslaunch.pmon][INFO] 2022-06-18 04:47:25,170: start_process_monitor: creating ProcessMonitor
[roslaunch.pmon][INFO] 2022-06-18 04:47:25,171: created process monitor <ProcessMonitor(ProcessMonitor-1, initial daemon)>
[roslaunch.pmon][INFO] 2022-06-18 04:47:25,171: start_process_monitor: ProcessMonitor started
[roslaunch.parent][INFO] 2022-06-18 04:47:25,171: starting parent XML-RPC server
[roslaunch.server][INFO] 2022-06-18 04:47:25,171: starting roslaunch XML-RPC server
[roslaunch.server][INFO] 2022-06-18 04:47:25,171: waiting for roslaunch XML-RPC server to initialize
[xmlrpc][INFO] 2022-06-18 04:47:25,171: XML-RPC server binding to 0.0.0.0:0
[xmlrpc][INFO] 2022-06-18 04:47:25,172: Started XML-RPC server [http://itodaisuke:45257/]
[xmlrpc][INFO] 2022-06-18 04:47:25,172: xml rpc node: starting XML-RPC server
[roslaunch][INFO] 2022-06-18 04:47:25,184: started roslaunch server http://itodaisuke:45257/
[roslaunch.parent][INFO] 2022-06-18 04:47:25,184: ... parent XML-RPC server started
[roslaunch][INFO] 2022-06-18 04:47:25,185: master.is_running[http://itodaisuke:11311/]
[roslaunch][INFO] 2022-06-18 04:47:25,190: auto-starting new master
[roslaunch][INFO] 2022-06-18 04:47:25,191: create_master_process: rosmaster, /opt/ros/melodic/share/ros, 11311, 3, None, False
[roslaunch][INFO] 2022-06-18 04:47:25,191: process[master]: launching with args [['rosmaster', '--core', '-p', '11311', '-w', '3']]
[roslaunch.pmon][INFO] 2022-06-18 04:47:25,191: ProcessMonitor.register[master]
[roslaunch.pmon][INFO] 2022-06-18 04:47:25,191: ProcessMonitor.register[master] complete
[roslaunch][INFO] 2022-06-18 04:47:25,191: process[master]: starting os process
[roslaunch][INFO] 2022-06-18 04:47:25,191: process[master]: start w/ args [['rosmaster', '--core', '-p', '11311', '-w', '3', '__log:=/root/.ros/log/bf802a92-eec1-11ec-b19f-6c5ab09b33be/master.log']]
[roslaunch][INFO] 2022-06-18 04:47:25,191: process[master]: cwd will be [/root/.ros]
[roslaunch][INFO] 2022-06-18 04:47:25,284: process[master]: started with pid [44]
[roslaunch][INFO] 2022-06-18 04:47:25,284: master.is_running[http://itodaisuke:11311/]
[roslaunch][INFO] 2022-06-18 04:47:25,386: master.is_running[http://itodaisuke:11311/]
[roslaunch][INFO] 2022-06-18 04:47:25,488: master.is_running[http://itodaisuke:11311/]
[roslaunch][INFO] 2022-06-18 04:47:25,491: master.is_running[http://itodaisuke:11311/]
[roslaunch][INFO] 2022-06-18 04:47:25,494: ROS_MASTER_URI=http://itodaisuke:11311/
[roslaunch][INFO] 2022-06-18 04:47:25,496: setting /run_id to bf802a92-eec1-11ec-b19f-6c5ab09b33be
[roslaunch][INFO] 2022-06-18 04:47:25,497: setting /roslaunch/uris/host_itodaisuke__45257' to http://itodaisuke:45257/
[roslaunch][INFO] 2022-06-18 04:47:25,500: ... preparing to launch node of type [rosout/rosout]
[roslaunch][INFO] 2022-06-18 04:47:25,501: create_node_process: package[rosout] type[rosout] machine[Machine(name[] env_loader[None] address[localhost] ssh_port[22] user[None] assignable[True] timeout[10.0])] master_uri[http://itodaisuke:11311/]
[roslaunch][INFO] 2022-06-18 04:47:25,501: process[rosout-1]: env[{'ROS_DISTRO': 'melodic', 'ROSLISP_PACKAGE_DIRECTORIES': '', 'ROS_PACKAGE_PATH': '/opt/ros/melodic/share', 'PATH': '/opt/ros/melodic/bin:/usr/local/sbin:/usr/local/bin:/usr/sbin:/usr/bin:/sbin:/bin', 'CMAKE_PREFIX_PATH': '/opt/ros/melodic', 'ROS_LOG_FILENAME': '/root/.ros/log/bf802a92-eec1-11ec-b19f-6c5ab09b33be/roslaunch-itodaisuke-34.log', 'LANG': 'C.UTF-8', 'TERM': 'xterm', 'SHLVL': '1', 'LD_LIBRARY_PATH': '/opt/ros/melodic/lib', 'ROS_MASTER_URI': 'http://itodaisuke:11311/', 'HOME': '/root', 'ROS_PYTHON_VERSION': '2', 'PYTHONPATH': '/opt/ros/melodic/lib/python2.7/dist-packages', 'ROS_ROOT': '/opt/ros/melodic/share/ros', 'PKG_CONFIG_PATH': '/opt/ros/melodic/lib/pkgconfig', 'LC_ALL': 'C.UTF-8', '_': '/opt/ros/melodic/bin/roscore', 'DISPLAY': ':1', 'HOSTNAME': 'itodaisuke', 'PWD': '/', 'ROS_ETC_DIR': '/opt/ros/melodic/etc/ros', 'ROS_VERSION': '1'}]
[roslaunch][INFO] 2022-06-18 04:47:25,513: process[rosout-1]: args[[u'/opt/ros/melodic/lib/rosout/rosout', u'__name:=rosout']]
[roslaunch][INFO] 2022-06-18 04:47:25,513: ... created process [rosout-1]
[roslaunch.pmon][INFO] 2022-06-18 04:47:25,513: ProcessMonitor.register[rosout-1]
[roslaunch.pmon][INFO] 2022-06-18 04:47:25,513: ProcessMonitor.register[rosout-1] complete
[roslaunch][INFO] 2022-06-18 04:47:25,513: ... registered process [rosout-1]
[roslaunch][INFO] 2022-06-18 04:47:25,513: process[rosout-1]: starting os process
[roslaunch][INFO] 2022-06-18 04:47:25,513: process[rosout-1]: start w/ args [[u'/opt/ros/melodic/lib/rosout/rosout', u'__name:=rosout', u'__log:=/root/.ros/log/bf802a92-eec1-11ec-b19f-6c5ab09b33be/rosout-1.log']]
[roslaunch][INFO] 2022-06-18 04:47:25,513: process[rosout-1]: cwd will be [/root/.ros]
[roslaunch][INFO] 2022-06-18 04:47:25,605: process[rosout-1]: started with pid [55]
[roslaunch][INFO] 2022-06-18 04:47:25,605: ... successfully launched [rosout-1]
[roslaunch][INFO] 2022-06-18 04:47:25,605: load_parameters starting ...
[roslaunch][INFO] 2022-06-18 04:47:25,610: ... load_parameters complete
[roslaunch][INFO] 2022-06-18 04:47:25,610: launch_nodes: launching local nodes ...
[roslaunch][INFO] 2022-06-18 04:47:25,610: ... launch_nodes complete
[roslaunch.pmon][INFO] 2022-06-18 04:47:25,610: registrations completed <ProcessMonitor(ProcessMonitor-1, started daemon 140178907715328)>
[roslaunch.parent][INFO] 2022-06-18 04:47:25,611: ... roslaunch parent running, waiting for process exit
[roslaunch][INFO] 2022-06-18 04:47:25,611: spin
[roslaunch.pmon][INFO] 2022-06-18 04:54:41,536: ProcessMonitor.shutdown <ProcessMonitor(ProcessMonitor-1, started daemon 140178907715328)>
[roslaunch.pmon][INFO] 2022-06-18 04:54:41,570: ProcessMonitor._post_run <ProcessMonitor(ProcessMonitor-1, started daemon 140178907715328)>
[roslaunch.pmon][INFO] 2022-06-18 04:54:41,570: ProcessMonitor._post_run <ProcessMonitor(ProcessMonitor-1, started daemon 140178907715328)>: remaining procs are [<roslaunch.nodeprocess.LocalProcess object at 0x7f7df2018cd0>, <roslaunch.nodeprocess.LocalProcess object at 0x7f7df2008e90>]
[roslaunch.pmon][INFO] 2022-06-18 04:54:41,571: ProcessMonitor exit: killing rosout-1
[roslaunch][INFO] 2022-06-18 04:54:41,571: [rosout-1] killing on exit
[roslaunch][INFO] 2022-06-18 04:54:41,572: process[rosout-1]: killing os process with pid[55] pgid[55]
[roslaunch][INFO] 2022-06-18 04:54:41,572: [rosout-1] sending SIGINT to pgid [55]
[roslaunch][INFO] 2022-06-18 04:54:41,572: [rosout-1] sent SIGINT to pgid [55]
[roslaunch][INFO] 2022-06-18 04:54:41,872: process[rosout-1]: SIGINT killed with return value 0
[roslaunch.pmon][INFO] 2022-06-18 04:54:41,872: ProcessMonitor exit: killing master
[roslaunch][INFO] 2022-06-18 04:54:41,873: [master] killing on exit
[roslaunch][INFO] 2022-06-18 04:54:41,873: process[master]: killing os process with pid[44] pgid[44]
[roslaunch][INFO] 2022-06-18 04:54:41,873: [master] sending SIGINT to pgid [44]
[roslaunch][INFO] 2022-06-18 04:54:41,873: [master] sent SIGINT to pgid [44]
[roslaunch][INFO] 2022-06-18 04:54:42,073: process[master]: SIGINT killed with return value 0
[roslaunch.pmon][INFO] 2022-06-18 04:54:42,073: ProcessMonitor exit: cleaning up data structures and signals
[roslaunch.pmon][INFO] 2022-06-18 04:54:42,074: ProcessMonitor exit: pmon has shutdown
[roslaunch][INFO] 2022-06-18 04:54:42,101: process monitor is done spinning, initiating full shutdown
[roslaunch][INFO] 2022-06-18 04:54:42,101: runner.stop()
[roslaunch][INFO] 2022-06-18 04:54:42,101: shutting down processing monitor...
[roslaunch][INFO] 2022-06-18 04:54:42,101: shutting down processing monitor <ProcessMonitor(ProcessMonitor-1, stopped daemon 140178907715328)>
[roslaunch.pmon][INFO] 2022-06-18 04:54:42,101: ProcessMonitor.shutdown <ProcessMonitor(ProcessMonitor-1, stopped daemon 140178907715328)>
[roslaunch][INFO] 2022-06-18 04:54:42,101: ... shutting down processing monitor complete
[roslaunch][INFO] 2022-06-18 04:54:42,101: done
[roslaunch.pmon][INFO] 2022-06-18 04:54:42,101: ProcessMonitor.shutdown <ProcessMonitor(ProcessMonitor-1, stopped daemon 140178907715328)>
[rospy.core][INFO] 2022-06-18 04:54:42,102: signal_shutdown [atexit]
