[rosmaster.main][INFO] 2022-06-18 04:14:18,199: initialization complete, waiting for shutdown
[rosmaster.main][INFO] 2022-06-18 04:14:18,199: Starting ROS Master Node
[xmlrpc][INFO] 2022-06-18 04:14:18,200: XML-RPC server binding to 0.0.0.0:11311
[xmlrpc][INFO] 2022-06-18 04:14:18,200: Started XML-RPC server [http://itodaisuke:11311/]
[xmlrpc][INFO] 2022-06-18 04:14:18,200: xml rpc node: starting XML-RPC server
[rosmaster.master][INFO] 2022-06-18 04:14:18,200: Master initialized: port[11311], uri[http://itodaisuke:11311/]
[rosmaster.master][INFO] 2022-06-18 04:14:18,276: +PARAM [/run_id] by /roslaunch
[rosmaster.master][INFO] 2022-06-18 04:14:18,277: +PARAM [/roslaunch/uris/host_itodaisuke__36353] by /roslaunch
[rosmaster.master][INFO] 2022-06-18 04:14:18,397: +PARAM [/rosversion] by /roslaunch
[rosmaster.master][INFO] 2022-06-18 04:14:18,397: +PARAM [/rosdistro] by /roslaunch
[rosmaster.master][INFO] 2022-06-18 04:14:18,402: +SERVICE [/rosout/get_loggers] /rosout http://itodaisuke:33631/
[rosmaster.master][INFO] 2022-06-18 04:14:18,403: +SERVICE [/rosout/set_logger_level] /rosout http://itodaisuke:33631/
[rosmaster.master][INFO] 2022-06-18 04:14:18,403: +PUB [/rosout_agg] /rosout http://itodaisuke:33631/
[rosmaster.master][INFO] 2022-06-18 04:14:18,404: +SUB [/rosout] /rosout http://itodaisuke:33631/
[rosmaster.master][INFO] 2022-06-18 04:14:23,689: +PUB [/rosout] /image_view http://itodaisuke:43191/
[rosmaster.master][INFO] 2022-06-18 04:14:23,690: +SERVICE [/image_view/get_loggers] /image_view http://itodaisuke:43191/
[rosmaster.master][INFO] 2022-06-18 04:14:23,690: +SERVICE [/image_view/set_logger_level] /image_view http://itodaisuke:43191/
[rosmaster.master][INFO] 2022-06-18 04:14:23,691: +CACHEDPARAM [/rosout_disable_topics_generation] by /image_view
[rosmaster.master][INFO] 2022-06-18 04:14:23,692: +SERVICE [/image_view/load_nodelet] /image_view http://itodaisuke:43191/
[rosmaster.master][INFO] 2022-06-18 04:14:23,692: +SERVICE [/image_view/unload_nodelet] /image_view http://itodaisuke:43191/
[rosmaster.master][INFO] 2022-06-18 04:14:23,693: +SERVICE [/image_view/list] /image_view http://itodaisuke:43191/
[rosmaster.master][INFO] 2022-06-18 04:14:23,706: publisherUpdate[/rosout] -> http://itodaisuke:33631/ ['http://itodaisuke:43191/']
[rosmaster.master][INFO] 2022-06-18 04:14:23,747: +SERVICE [/image_view/set_parameters] /image_view http://itodaisuke:43191/
[rosmaster.master][INFO] 2022-06-18 04:14:23,748: +PUB [/image_view/parameter_descriptions] /image_view http://itodaisuke:43191/
[rosmaster.master][INFO] 2022-06-18 04:14:23,748: +PUB [/image_view/parameter_updates] /image_view http://itodaisuke:43191/
[rosmaster.master][INFO] 2022-06-18 04:14:23,750: +PARAM [/image_view/do_dynamic_scaling] by /image_view
[rosmaster.master][INFO] 2022-06-18 04:14:23,750: +PARAM [/image_view/colormap] by /image_view
[rosmaster.master][INFO] 2022-06-18 04:14:23,751: +PARAM [/image_view/min_image_value] by /image_view
[rosmaster.master][INFO] 2022-06-18 04:14:23,751: +PARAM [/image_view/max_image_value] by /image_view
[rosmaster.master][INFO] 2022-06-18 04:14:23,753: publisherUpdate[/rosout] -> http://itodaisuke:33631/ ['http://itodaisuke:43191/']: sec=0.05, result=[1, '', 0]
[rosmaster.master][INFO] 2022-06-18 04:14:23,757: +SUB [/image_raw] /image_view http://itodaisuke:43191/
[rosmaster.master][INFO] 2022-06-18 04:14:23,758: +PUB [/image_view/output] /image_view http://itodaisuke:43191/
[rosmaster.master][INFO] 2022-06-18 04:14:23,758: +PARAM [/image_view/do_dynamic_scaling] by /image_view
[rosmaster.master][INFO] 2022-06-18 04:14:23,758: +PARAM [/image_view/colormap] by /image_view
[rosmaster.master][INFO] 2022-06-18 04:14:23,759: +PARAM [/image_view/min_image_value] by /image_view
[rosmaster.master][INFO] 2022-06-18 04:14:23,759: +PARAM [/image_view/max_image_value] by /image_view
[rosmaster.master][INFO] 2022-06-18 04:14:23,956: +CACHEDPARAM [/rosout/omit_topics] by /rosout
[rosmaster.master][INFO] 2022-06-18 04:14:31,547: +PUB [/rosout] /uvc_camera http://itodaisuke:36023/
[rosmaster.master][INFO] 2022-06-18 04:14:31,547: +SERVICE [/uvc_camera/get_loggers] /uvc_camera http://itodaisuke:36023/
[rosmaster.master][INFO] 2022-06-18 04:14:31,548: +SERVICE [/uvc_camera/set_logger_level] /uvc_camera http://itodaisuke:36023/
[rosmaster.master][INFO] 2022-06-18 04:14:31,555: +SERVICE [/set_camera_info] /uvc_camera http://itodaisuke:36023/
[rosmaster.master][INFO] 2022-06-18 04:14:31,556: +CACHEDPARAM [/rosout_disable_topics_generation] by /uvc_camera
[rosmaster.master][INFO] 2022-06-18 04:14:31,559: +PUB [/image_raw] /uvc_camera http://itodaisuke:36023/
[rosmaster.master][INFO] 2022-06-18 04:14:31,560: +PUB [/camera_info] /uvc_camera http://itodaisuke:36023/
[rosmaster.master][INFO] 2022-06-18 04:14:31,566: publisherUpdate[/rosout] -> http://itodaisuke:33631/ ['http://itodaisuke:43191/', 'http://itodaisuke:36023/']
[rosmaster.master][INFO] 2022-06-18 04:14:31,568: publisherUpdate[/rosout] -> http://itodaisuke:33631/ ['http://itodaisuke:43191/', 'http://itodaisuke:36023/']: sec=0.00, result=[1, '', 0]
[rosmaster.master][INFO] 2022-06-18 04:14:31,568: publisherUpdate[/image_raw] -> http://itodaisuke:43191/ ['http://itodaisuke:36023/']
[rosmaster.master][INFO] 2022-06-18 04:14:31,614: publisherUpdate[/image_raw] -> http://itodaisuke:43191/ ['http://itodaisuke:36023/']: sec=0.05, result=[1, '', 0]
[rosmaster.master][INFO] 2022-06-18 04:15:20,632: +PUB [/rosout] /image_view http://itodaisuke:37083/
[rosmaster.master][INFO] 2022-06-18 04:15:20,635: +SERVICE [/image_view/get_loggers] /image_view http://itodaisuke:37083/
[rosmaster.master][INFO] 2022-06-18 04:15:20,635: +SERVICE [/image_view/set_logger_level] /image_view http://itodaisuke:37083/
[rosmaster.master][INFO] 2022-06-18 04:15:20,637: +SUB [/image_raw] /image_view http://itodaisuke:37083/
[rosmaster.master][INFO] 2022-06-18 04:15:20,676: publisherUpdate[/rosout] -> http://itodaisuke:33631/ ['http://itodaisuke:36023/', 'http://itodaisuke:37083/']
[rosmaster.master][INFO] 2022-06-18 04:15:20,679: publisherUpdate[/rosout] -> http://itodaisuke:33631/ ['http://itodaisuke:36023/', 'http://itodaisuke:37083/']: sec=0.00, result=[1, '', 0]
[rosmaster.master][INFO] 2022-06-18 04:15:20,777: -PUB [/rosout] /image_view http://itodaisuke:43191/
[rosmaster.master][INFO] 2022-06-18 04:15:20,778: -PUB [/image_view/parameter_descriptions] /image_view http://itodaisuke:43191/
[rosmaster.master][INFO] 2022-06-18 04:15:20,778: -PUB [/image_view/parameter_updates] /image_view http://itodaisuke:43191/
[rosmaster.master][INFO] 2022-06-18 04:15:20,779: -PUB [/image_view/output] /image_view http://itodaisuke:43191/
[rosmaster.master][INFO] 2022-06-18 04:15:20,779: -SUB [/image_raw] /image_view http://itodaisuke:43191/
[rosmaster.master][INFO] 2022-06-18 04:15:20,780: -SERVICE [/image_view/get_loggers] /image_view rosrpc://itodaisuke:32803
[rosmaster.master][INFO] 2022-06-18 04:15:20,780: -SERVICE [/image_view/set_logger_level] /image_view rosrpc://itodaisuke:32803
[rosmaster.master][INFO] 2022-06-18 04:15:20,781: -SERVICE [/image_view/load_nodelet] /image_view rosrpc://itodaisuke:32803
[rosmaster.master][INFO] 2022-06-18 04:15:20,781: -SERVICE [/image_view/unload_nodelet] /image_view rosrpc://itodaisuke:32803
[rosmaster.master][INFO] 2022-06-18 04:15:20,782: -SERVICE [/image_view/list] /image_view rosrpc://itodaisuke:32803
[rosmaster.master][INFO] 2022-06-18 04:15:20,782: -SERVICE [/image_view/set_parameters] /image_view rosrpc://itodaisuke:32803
[rosmaster.master][INFO] 2022-06-18 04:15:20,783: -CACHEDPARAM [/rosout_disable_topics_generation] by /image_view
[rosmaster.master][INFO] 2022-06-18 04:15:31,296: -SUB [/image_raw] /image_view http://itodaisuke:37083/
[rosmaster.master][INFO] 2022-06-18 04:15:31,296: -PUB [/rosout] /image_view http://itodaisuke:37083/
[rosmaster.master][INFO] 2022-06-18 04:15:31,296: -SERVICE [/image_view/get_loggers] /image_view rosrpc://itodaisuke:34907
[rosmaster.master][INFO] 2022-06-18 04:15:31,296: -SERVICE [/image_view/set_logger_level] /image_view rosrpc://itodaisuke:34907
[rosmaster.master][INFO] 2022-06-18 04:15:31,299: publisherUpdate[/rosout] -> http://itodaisuke:33631/ ['http://itodaisuke:36023/']
[rosmaster.master][INFO] 2022-06-18 04:15:31,340: publisherUpdate[/rosout] -> http://itodaisuke:33631/ ['http://itodaisuke:36023/']: sec=0.04, result=[1, '', 0]
[rosmaster.master][INFO] 2022-06-18 04:19:48,943: -PUB [/rosout_agg] /rosout http://itodaisuke:33631/
[rosmaster.master][INFO] 2022-06-18 04:19:48,944: -SUB [/rosout] /rosout http://itodaisuke:33631/
[rosmaster.master][INFO] 2022-06-18 04:19:48,944: -SERVICE [/rosout/get_loggers] /rosout rosrpc://itodaisuke:51865
[rosmaster.master][INFO] 2022-06-18 04:19:48,945: -SERVICE [/rosout/set_logger_level] /rosout rosrpc://itodaisuke:51865
[rosmaster.master][INFO] 2022-06-18 04:19:48,945: -CACHEDPARAM [/rosout/omit_topics] by /rosout
[rosmaster.main][INFO] 2022-06-18 04:19:48,978: keyboard interrupt, will exit
[rosmaster.main][INFO] 2022-06-18 04:19:48,978: stopping master...
[rospy.core][INFO] 2022-06-18 04:19:48,978: signal_shutdown [atexit]
