[rosmaster.main][INFO] 2022-06-18 04:55:57,669: initialization complete, waiting for shutdown
[rosmaster.main][INFO] 2022-06-18 04:55:57,669: Starting ROS Master Node
[xmlrpc][INFO] 2022-06-18 04:55:57,670: XML-RPC server binding to 0.0.0.0:11311
[xmlrpc][INFO] 2022-06-18 04:55:57,670: Started XML-RPC server [http://itodaisuke:11311/]
[rosmaster.master][INFO] 2022-06-18 04:55:57,670: Master initialized: port[11311], uri[http://itodaisuke:11311/]
[xmlrpc][INFO] 2022-06-18 04:55:57,670: xml rpc node: starting XML-RPC server
[rosmaster.master][INFO] 2022-06-18 04:55:57,751: +PARAM [/run_id] by /roslaunch
[rosmaster.master][INFO] 2022-06-18 04:55:57,752: +PARAM [/roslaunch/uris/host_itodaisuke__38975] by /roslaunch
[rosmaster.master][INFO] 2022-06-18 04:55:57,818: +PUB [/rosout] /operator http://itodaisuke:45011/
[rosmaster.master][INFO] 2022-06-18 04:55:57,821: +SERVICE [/operator/get_loggers] /operator http://itodaisuke:45011/
[rosmaster.master][INFO] 2022-06-18 04:55:57,822: +SERVICE [/operator/set_logger_level] /operator http://itodaisuke:45011/
[rosmaster.master][INFO] 2022-06-18 04:55:57,823: +CACHEDPARAM [/rosout_disable_topics_generation] by /operator
[rosmaster.master][INFO] 2022-06-18 04:55:57,825: +SUB [/image_data] /operator http://itodaisuke:45011/
[rosmaster.master][INFO] 2022-06-18 04:55:57,870: +PARAM [/rosversion] by /roslaunch
[rosmaster.master][INFO] 2022-06-18 04:55:57,870: +PARAM [/rosdistro] by /roslaunch
[rosmaster.master][INFO] 2022-06-18 04:55:57,874: +SERVICE [/rosout/get_loggers] /rosout http://itodaisuke:34769/
[rosmaster.master][INFO] 2022-06-18 04:55:57,875: +SERVICE [/rosout/set_logger_level] /rosout http://itodaisuke:34769/
[rosmaster.master][INFO] 2022-06-18 04:55:57,875: +PUB [/rosout_agg] /rosout http://itodaisuke:34769/
[rosmaster.master][INFO] 2022-06-18 04:55:57,877: +SUB [/rosout] /rosout http://itodaisuke:34769/
[rosmaster.master][INFO] 2022-06-18 04:55:58,078: +CACHEDPARAM [/rosout/omit_topics] by /rosout
[rosmaster.master][INFO] 2022-06-18 04:56:46,083: -SUB [/image_data] /operator http://itodaisuke:45011/
[rosmaster.master][INFO] 2022-06-18 04:56:46,083: -PUB [/rosout] /operator http://itodaisuke:45011/
[rosmaster.master][INFO] 2022-06-18 04:56:46,083: -SERVICE [/operator/get_loggers] /operator rosrpc://itodaisuke:38049
[rosmaster.master][INFO] 2022-06-18 04:56:46,083: -SERVICE [/operator/set_logger_level] /operator rosrpc://itodaisuke:38049
[rosmaster.master][INFO] 2022-06-18 04:56:46,135: publisherUpdate[/rosout] -> http://itodaisuke:34769/ []
[rosmaster.master][INFO] 2022-06-18 04:56:46,169: publisherUpdate[/rosout] -> http://itodaisuke:34769/ []: sec=0.03, result=[1, '', 0]
[rosmaster.master][INFO] 2022-06-18 04:56:52,305: +PUB [/rosout] /operator http://itodaisuke:42433/
[rosmaster.master][INFO] 2022-06-18 04:56:52,307: +SERVICE [/operator/get_loggers] /operator http://itodaisuke:42433/
[rosmaster.master][INFO] 2022-06-18 04:56:52,308: +SERVICE [/operator/set_logger_level] /operator http://itodaisuke:42433/
[rosmaster.master][INFO] 2022-06-18 04:56:52,309: +CACHEDPARAM [/rosout_disable_topics_generation] by /operator
[rosmaster.master][INFO] 2022-06-18 04:56:52,310: +SUB [/image_data] /operator http://itodaisuke:42433/
[rosmaster.master][INFO] 2022-06-18 04:56:52,345: publisherUpdate[/rosout] -> http://itodaisuke:34769/ ['http://itodaisuke:42433/']
[rosmaster.master][INFO] 2022-06-18 04:56:52,388: publisherUpdate[/rosout] -> http://itodaisuke:34769/ ['http://itodaisuke:42433/']: sec=0.04, result=[1, '', 0]
[rosmaster.master][INFO] 2022-06-18 04:57:09,323: -SUB [/image_data] /operator http://itodaisuke:42433/
[rosmaster.master][INFO] 2022-06-18 04:57:09,323: -PUB [/rosout] /operator http://itodaisuke:42433/
[rosmaster.master][INFO] 2022-06-18 04:57:09,324: -SERVICE [/operator/get_loggers] /operator rosrpc://itodaisuke:33233
[rosmaster.master][INFO] 2022-06-18 04:57:09,324: -SERVICE [/operator/set_logger_level] /operator rosrpc://itodaisuke:33233
[rosmaster.master][INFO] 2022-06-18 04:57:09,367: publisherUpdate[/rosout] -> http://itodaisuke:34769/ []
[rosmaster.master][INFO] 2022-06-18 04:57:09,409: publisherUpdate[/rosout] -> http://itodaisuke:34769/ []: sec=0.04, result=[1, '', 0]
[rosmaster.master][INFO] 2022-06-18 04:58:33,410: -PUB [/rosout_agg] /rosout http://itodaisuke:34769/
[rosmaster.master][INFO] 2022-06-18 04:58:33,411: -SUB [/rosout] /rosout http://itodaisuke:34769/
[rosmaster.master][INFO] 2022-06-18 04:58:33,411: -SERVICE [/rosout/get_loggers] /rosout rosrpc://itodaisuke:59839
[rosmaster.master][INFO] 2022-06-18 04:58:33,412: -SERVICE [/rosout/set_logger_level] /rosout rosrpc://itodaisuke:59839
[rosmaster.master][INFO] 2022-06-18 04:58:33,412: -CACHEDPARAM [/rosout/omit_topics] by /rosout
[rosmaster.main][INFO] 2022-06-18 04:58:33,493: keyboard interrupt, will exit
[rosmaster.main][INFO] 2022-06-18 04:58:33,493: stopping master...
[rospy.core][INFO] 2022-06-18 04:58:33,493: signal_shutdown [atexit]
