[roslaunch][INFO] 2022-06-18 04:55:57,337: Checking log directory for disk usage. This may take a while.
Press Ctrl-C to interrupt
[roslaunch][INFO] 2022-06-18 04:55:57,340: Done checking log file disk usage. Usage is <1GB.
[roslaunch][INFO] 2022-06-18 04:55:57,340: roslaunch starting with args ['roscore', '--core']
[roslaunch][INFO] 2022-06-18 04:55:57,340: roslaunch env is {'ROS_DISTRO': 'melodic', 'ROSLISP_PACKAGE_DIRECTORIES': '', 'HOME': '/root', 'PATH': '/opt/ros/melodic/bin:/usr/local/sbin:/usr/local/bin:/usr/sbin:/usr/bin:/sbin:/bin', 'ROS_PACKAGE_PATH': '/opt/ros/melodic/share', 'CMAKE_PREFIX_PATH': '/opt/ros/melodic', 'DISPLAY': ':1', 'LANG': 'C.UTF-8', 'TERM': 'xterm', 'ROS_LOG_FILENAME': '/root/.ros/log/f0d4d6d2-eec2-11ec-8a2f-6c5ab09b33be/roslaunch-itodaisuke-76.log', 'SHLVL': '1', 'LD_LIBRARY_PATH': '/opt/ros/melodic/lib', 'ROS_MASTER_URI': 'http://localhost:11311', 'ROS_PYTHON_VERSION': '2', 'PYTHONPATH': '/opt/ros/melodic/lib/python2.7/dist-packages', 'ROS_ROOT': '/opt/ros/melodic/share/ros', 'PKG_CONFIG_PATH': '/opt/ros/melodic/lib/pkgconfig', 'LC_ALL': 'C.UTF-8', '_': '/opt/ros/melodic/bin/roscore', 'HOSTNAME': 'itodaisuke', 'PWD': '/', 'ROS_ETC_DIR': '/opt/ros/melodic/etc/ros', 'ROS_VERSION': '1'}
[roslaunch][INFO] 2022-06-18 04:55:57,340: starting in server mode
[roslaunch.parent][INFO] 2022-06-18 04:55:57,341: starting roslaunch parent run
[roslaunch][INFO] 2022-06-18 04:55:57,341: loading roscore config file /opt/ros/melodic/etc/ros/roscore.xml
[roslaunch][INFO] 2022-06-18 04:55:57,425: Added core node of type [rosout/rosout] in namespace [/]
[roslaunch.pmon][INFO] 2022-06-18 04:55:57,426: start_process_monitor: creating ProcessMonitor
[roslaunch.pmon][INFO] 2022-06-18 04:55:57,426: created process monitor <ProcessMonitor(ProcessMonitor-1, initial daemon)>
[roslaunch.pmon][INFO] 2022-06-18 04:55:57,426: start_process_monitor: ProcessMonitor started
[roslaunch.parent][INFO] 2022-06-18 04:55:57,426: starting parent XML-RPC server
[roslaunch.server][INFO] 2022-06-18 04:55:57,426: starting roslaunch XML-RPC server
[roslaunch.server][INFO] 2022-06-18 04:55:57,426: waiting for roslaunch XML-RPC server to initialize
[xmlrpc][INFO] 2022-06-18 04:55:57,427: XML-RPC server binding to 0.0.0.0:0
[xmlrpc][INFO] 2022-06-18 04:55:57,427: Started XML-RPC server [http://itodaisuke:38975/]
[xmlrpc][INFO] 2022-06-18 04:55:57,427: xml rpc node: starting XML-RPC server
[roslaunch][INFO] 2022-06-18 04:55:57,439: started roslaunch server http://itodaisuke:38975/
[roslaunch.parent][INFO] 2022-06-18 04:55:57,440: ... parent XML-RPC server started
[roslaunch][INFO] 2022-06-18 04:55:57,440: master.is_running[http://itodaisuke:11311/]
[roslaunch][INFO] 2022-06-18 04:55:57,445: auto-starting new master
[roslaunch][INFO] 2022-06-18 04:55:57,445: create_master_process: rosmaster, /opt/ros/melodic/share/ros, 11311, 3, None, False
[roslaunch][INFO] 2022-06-18 04:55:57,445: process[master]: launching with args [['rosmaster', '--core', '-p', '11311', '-w', '3']]
[roslaunch.pmon][INFO] 2022-06-18 04:55:57,445: ProcessMonitor.register[master]
[roslaunch.pmon][INFO] 2022-06-18 04:55:57,445: ProcessMonitor.register[master] complete
[roslaunch][INFO] 2022-06-18 04:55:57,445: process[master]: starting os process
[roslaunch][INFO] 2022-06-18 04:55:57,445: process[master]: start w/ args [['rosmaster', '--core', '-p', '11311', '-w', '3', '__log:=/root/.ros/log/f0d4d6d2-eec2-11ec-8a2f-6c5ab09b33be/master.log']]
[roslaunch][INFO] 2022-06-18 04:55:57,445: process[master]: cwd will be [/root/.ros]
[roslaunch][INFO] 2022-06-18 04:55:57,539: process[master]: started with pid [86]
[roslaunch][INFO] 2022-06-18 04:55:57,539: master.is_running[http://itodaisuke:11311/]
[roslaunch][INFO] 2022-06-18 04:55:57,641: master.is_running[http://itodaisuke:11311/]
[roslaunch][INFO] 2022-06-18 04:55:57,743: master.is_running[http://itodaisuke:11311/]
[roslaunch][INFO] 2022-06-18 04:55:57,746: master.is_running[http://itodaisuke:11311/]
[roslaunch][INFO] 2022-06-18 04:55:57,748: ROS_MASTER_URI=http://itodaisuke:11311/
[roslaunch][INFO] 2022-06-18 04:55:57,751: setting /run_id to f0d4d6d2-eec2-11ec-8a2f-6c5ab09b33be
[roslaunch][INFO] 2022-06-18 04:55:57,752: setting /roslaunch/uris/host_itodaisuke__38975' to http://itodaisuke:38975/
[roslaunch][INFO] 2022-06-18 04:55:57,755: ... preparing to launch node of type [rosout/rosout]
[roslaunch][INFO] 2022-06-18 04:55:57,755: create_node_process: package[rosout] type[rosout] machine[Machine(name[] env_loader[None] address[localhost] ssh_port[22] user[None] assignable[True] timeout[10.0])] master_uri[http://itodaisuke:11311/]
[roslaunch][INFO] 2022-06-18 04:55:57,755: process[rosout-1]: env[{'ROS_DISTRO': 'melodic', 'ROSLISP_PACKAGE_DIRECTORIES': '', 'ROS_PACKAGE_PATH': '/opt/ros/melodic/share', 'PATH': '/opt/ros/melodic/bin:/usr/local/sbin:/usr/local/bin:/usr/sbin:/usr/bin:/sbin:/bin', 'CMAKE_PREFIX_PATH': '/opt/ros/melodic', 'ROS_LOG_FILENAME': '/root/.ros/log/f0d4d6d2-eec2-11ec-8a2f-6c5ab09b33be/roslaunch-itodaisuke-76.log', 'LANG': 'C.UTF-8', 'TERM': 'xterm', 'SHLVL': '1', 'LD_LIBRARY_PATH': '/opt/ros/melodic/lib', 'ROS_MASTER_URI': 'http://itodaisuke:11311/', 'HOME': '/root', 'ROS_PYTHON_VERSION': '2', 'PYTHONPATH': '/opt/ros/melodic/lib/python2.7/dist-packages', 'ROS_ROOT': '/opt/ros/melodic/share/ros', 'PKG_CONFIG_PATH': '/opt/ros/melodic/lib/pkgconfig', 'LC_ALL': 'C.UTF-8', '_': '/opt/ros/melodic/bin/roscore', 'DISPLAY': ':1', 'HOSTNAME': 'itodaisuke', 'PWD': '/', 'ROS_ETC_DIR': '/opt/ros/melodic/etc/ros', 'ROS_VERSION': '1'}]
[roslaunch][INFO] 2022-06-18 04:55:57,767: process[rosout-1]: args[[u'/opt/ros/melodic/lib/rosout/rosout', u'__name:=rosout']]
[roslaunch][INFO] 2022-06-18 04:55:57,767: ... created process [rosout-1]
[roslaunch.pmon][INFO] 2022-06-18 04:55:57,767: ProcessMonitor.register[rosout-1]
[roslaunch.pmon][INFO] 2022-06-18 04:55:57,767: ProcessMonitor.register[rosout-1] complete
[roslaunch][INFO] 2022-06-18 04:55:57,767: ... registered process [rosout-1]
[roslaunch][INFO] 2022-06-18 04:55:57,767: process[rosout-1]: starting os process
[roslaunch][INFO] 2022-06-18 04:55:57,767: process[rosout-1]: start w/ args [[u'/opt/ros/melodic/lib/rosout/rosout', u'__name:=rosout', u'__log:=/root/.ros/log/f0d4d6d2-eec2-11ec-8a2f-6c5ab09b33be/rosout-1.log']]
[roslaunch][INFO] 2022-06-18 04:55:57,768: process[rosout-1]: cwd will be [/root/.ros]
[roslaunch][INFO] 2022-06-18 04:55:57,865: process[rosout-1]: started with pid [97]
[roslaunch][INFO] 2022-06-18 04:55:57,865: ... successfully launched [rosout-1]
[roslaunch][INFO] 2022-06-18 04:55:57,865: load_parameters starting ...
[roslaunch][INFO] 2022-06-18 04:55:57,870: ... load_parameters complete
[roslaunch][INFO] 2022-06-18 04:55:57,871: launch_nodes: launching local nodes ...
[roslaunch][INFO] 2022-06-18 04:55:57,871: ... launch_nodes complete
[roslaunch.pmon][INFO] 2022-06-18 04:55:57,871: registrations completed <ProcessMonitor(ProcessMonitor-1, started daemon 139874076337920)>
[roslaunch.parent][INFO] 2022-06-18 04:55:57,871: ... roslaunch parent running, waiting for process exit
[roslaunch][INFO] 2022-06-18 04:55:57,871: spin
[roslaunch.pmon][INFO] 2022-06-18 04:58:33,163: ProcessMonitor.shutdown <ProcessMonitor(ProcessMonitor-1, started daemon 139874076337920)>
[roslaunch.pmon][INFO] 2022-06-18 04:58:33,190: ProcessMonitor._post_run <ProcessMonitor(ProcessMonitor-1, started daemon 139874076337920)>
[roslaunch.pmon][INFO] 2022-06-18 04:58:33,190: ProcessMonitor._post_run <ProcessMonitor(ProcessMonitor-1, started daemon 139874076337920)>: remaining procs are [<roslaunch.nodeprocess.LocalProcess object at 0x7f36f8a3dbd0>, <roslaunch.nodeprocess.LocalProcess object at 0x7f36f8a2de90>]
[roslaunch.pmon][INFO] 2022-06-18 04:58:33,191: ProcessMonitor exit: killing rosout-1
[roslaunch][INFO] 2022-06-18 04:58:33,191: [rosout-1] killing on exit
[roslaunch][INFO] 2022-06-18 04:58:33,191: process[rosout-1]: killing os process with pid[97] pgid[97]
[roslaunch][INFO] 2022-06-18 04:58:33,192: [rosout-1] sending SIGINT to pgid [97]
[roslaunch][INFO] 2022-06-18 04:58:33,192: [rosout-1] sent SIGINT to pgid [97]
[roslaunch][INFO] 2022-06-18 04:58:33,492: process[rosout-1]: SIGINT killed with return value 0
[roslaunch.pmon][INFO] 2022-06-18 04:58:33,492: ProcessMonitor exit: killing master
[roslaunch][INFO] 2022-06-18 04:58:33,492: [master] killing on exit
[roslaunch][INFO] 2022-06-18 04:58:33,493: process[master]: killing os process with pid[86] pgid[86]
[roslaunch][INFO] 2022-06-18 04:58:33,493: [master] sending SIGINT to pgid [86]
[roslaunch][INFO] 2022-06-18 04:58:33,493: [master] sent SIGINT to pgid [86]
[roslaunch][INFO] 2022-06-18 04:58:33,693: process[master]: SIGINT killed with return value 0
[roslaunch.pmon][INFO] 2022-06-18 04:58:33,693: ProcessMonitor exit: cleaning up data structures and signals
[roslaunch.pmon][INFO] 2022-06-18 04:58:33,693: ProcessMonitor exit: pmon has shutdown
[roslaunch][INFO] 2022-06-18 04:58:33,728: process monitor is done spinning, initiating full shutdown
[roslaunch][INFO] 2022-06-18 04:58:33,728: runner.stop()
[roslaunch][INFO] 2022-06-18 04:58:33,728: shutting down processing monitor...
[roslaunch][INFO] 2022-06-18 04:58:33,728: shutting down processing monitor <ProcessMonitor(ProcessMonitor-1, stopped daemon 139874076337920)>
[roslaunch.pmon][INFO] 2022-06-18 04:58:33,728: ProcessMonitor.shutdown <ProcessMonitor(ProcessMonitor-1, stopped daemon 139874076337920)>
[roslaunch][INFO] 2022-06-18 04:58:33,728: ... shutting down processing monitor complete
[roslaunch][INFO] 2022-06-18 04:58:33,728: done
[roslaunch.pmon][INFO] 2022-06-18 04:58:33,728: ProcessMonitor.shutdown <ProcessMonitor(ProcessMonitor-1, stopped daemon 139874076337920)>
[rospy.core][INFO] 2022-06-18 04:58:33,729: signal_shutdown [atexit]
