[roslaunch][INFO] 2022-06-18 04:38:08,459: Checking log directory for disk usage. This may take a while.
Press Ctrl-C to interrupt
[roslaunch][INFO] 2022-06-18 04:38:08,463: Done checking log file disk usage. Usage is <1GB.
[roslaunch][INFO] 2022-06-18 04:38:08,463: roslaunch starting with args ['roscore', '--core']
[roslaunch][INFO] 2022-06-18 04:38:08,463: roslaunch env is {'ROS_DISTRO': 'melodic', 'ROSLISP_PACKAGE_DIRECTORIES': '', 'HOME': '/root', 'PATH': '/opt/ros/melodic/bin:/usr/local/sbin:/usr/local/bin:/usr/sbin:/usr/bin:/sbin:/bin', 'ROS_PACKAGE_PATH': '/opt/ros/melodic/share', 'CMAKE_PREFIX_PATH': '/opt/ros/melodic', 'DISPLAY': ':1', 'LANG': 'C.UTF-8', 'TERM': 'xterm', 'ROS_LOG_FILENAME': '/root/.ros/log/73bb156e-eec0-11ec-90e9-6c5ab09b33be/roslaunch-itodaisuke-33.log', 'SHLVL': '1', 'LD_LIBRARY_PATH': '/opt/ros/melodic/lib', 'ROS_MASTER_URI': 'http://localhost:11311', 'ROS_PYTHON_VERSION': '2', 'PYTHONPATH': '/opt/ros/melodic/lib/python2.7/dist-packages', 'ROS_ROOT': '/opt/ros/melodic/share/ros', 'PKG_CONFIG_PATH': '/opt/ros/melodic/lib/pkgconfig', 'LC_ALL': 'C.UTF-8', '_': '/opt/ros/melodic/bin/roscore', 'HOSTNAME': 'itodaisuke', 'PWD': '/', 'ROS_ETC_DIR': '/opt/ros/melodic/etc/ros', 'ROS_VERSION': '1'}
[roslaunch][INFO] 2022-06-18 04:38:08,463: starting in server mode
[roslaunch.parent][INFO] 2022-06-18 04:38:08,464: starting roslaunch parent run
[roslaunch][INFO] 2022-06-18 04:38:08,464: loading roscore config file /opt/ros/melodic/etc/ros/roscore.xml
[roslaunch][INFO] 2022-06-18 04:38:08,549: Added core node of type [rosout/rosout] in namespace [/]
[roslaunch.pmon][INFO] 2022-06-18 04:38:08,550: start_process_monitor: creating ProcessMonitor
[roslaunch.pmon][INFO] 2022-06-18 04:38:08,550: created process monitor <ProcessMonitor(ProcessMonitor-1, initial daemon)>
[roslaunch.pmon][INFO] 2022-06-18 04:38:08,550: start_process_monitor: ProcessMonitor started
[roslaunch.parent][INFO] 2022-06-18 04:38:08,550: starting parent XML-RPC server
[roslaunch.server][INFO] 2022-06-18 04:38:08,550: starting roslaunch XML-RPC server
[roslaunch.server][INFO] 2022-06-18 04:38:08,551: waiting for roslaunch XML-RPC server to initialize
[xmlrpc][INFO] 2022-06-18 04:38:08,551: XML-RPC server binding to 0.0.0.0:0
[xmlrpc][INFO] 2022-06-18 04:38:08,551: Started XML-RPC server [http://itodaisuke:38207/]
[xmlrpc][INFO] 2022-06-18 04:38:08,551: xml rpc node: starting XML-RPC server
[roslaunch][INFO] 2022-06-18 04:38:08,564: started roslaunch server http://itodaisuke:38207/
[roslaunch.parent][INFO] 2022-06-18 04:38:08,564: ... parent XML-RPC server started
[roslaunch][INFO] 2022-06-18 04:38:08,564: master.is_running[http://itodaisuke:11311/]
[roslaunch][INFO] 2022-06-18 04:38:08,569: auto-starting new master
[roslaunch][INFO] 2022-06-18 04:38:08,569: create_master_process: rosmaster, /opt/ros/melodic/share/ros, 11311, 3, None, False
[roslaunch][INFO] 2022-06-18 04:38:08,569: process[master]: launching with args [['rosmaster', '--core', '-p', '11311', '-w', '3']]
[roslaunch.pmon][INFO] 2022-06-18 04:38:08,570: ProcessMonitor.register[master]
[roslaunch.pmon][INFO] 2022-06-18 04:38:08,570: ProcessMonitor.register[master] complete
[roslaunch][INFO] 2022-06-18 04:38:08,570: process[master]: starting os process
[roslaunch][INFO] 2022-06-18 04:38:08,570: process[master]: start w/ args [['rosmaster', '--core', '-p', '11311', '-w', '3', '__log:=/root/.ros/log/73bb156e-eec0-11ec-90e9-6c5ab09b33be/master.log']]
[roslaunch][INFO] 2022-06-18 04:38:08,570: process[master]: cwd will be [/root/.ros]
[roslaunch][INFO] 2022-06-18 04:38:08,677: process[master]: started with pid [43]
[roslaunch][INFO] 2022-06-18 04:38:08,677: master.is_running[http://itodaisuke:11311/]
[roslaunch][INFO] 2022-06-18 04:38:08,779: master.is_running[http://itodaisuke:11311/]
[roslaunch][INFO] 2022-06-18 04:38:08,881: master.is_running[http://itodaisuke:11311/]
[roslaunch][INFO] 2022-06-18 04:38:08,884: master.is_running[http://itodaisuke:11311/]
[roslaunch][INFO] 2022-06-18 04:38:08,887: ROS_MASTER_URI=http://itodaisuke:11311/
[roslaunch][INFO] 2022-06-18 04:38:08,889: setting /run_id to 73bb156e-eec0-11ec-90e9-6c5ab09b33be
[roslaunch][INFO] 2022-06-18 04:38:08,890: setting /roslaunch/uris/host_itodaisuke__38207' to http://itodaisuke:38207/
[roslaunch][INFO] 2022-06-18 04:38:08,893: ... preparing to launch node of type [rosout/rosout]
[roslaunch][INFO] 2022-06-18 04:38:08,893: create_node_process: package[rosout] type[rosout] machine[Machine(name[] env_loader[None] address[localhost] ssh_port[22] user[None] assignable[True] timeout[10.0])] master_uri[http://itodaisuke:11311/]
[roslaunch][INFO] 2022-06-18 04:38:08,893: process[rosout-1]: env[{'ROS_DISTRO': 'melodic', 'ROSLISP_PACKAGE_DIRECTORIES': '', 'ROS_PACKAGE_PATH': '/opt/ros/melodic/share', 'PATH': '/opt/ros/melodic/bin:/usr/local/sbin:/usr/local/bin:/usr/sbin:/usr/bin:/sbin:/bin', 'CMAKE_PREFIX_PATH': '/opt/ros/melodic', 'ROS_LOG_FILENAME': '/root/.ros/log/73bb156e-eec0-11ec-90e9-6c5ab09b33be/roslaunch-itodaisuke-33.log', 'LANG': 'C.UTF-8', 'TERM': 'xterm', 'SHLVL': '1', 'LD_LIBRARY_PATH': '/opt/ros/melodic/lib', 'ROS_MASTER_URI': 'http://itodaisuke:11311/', 'HOME': '/root', 'ROS_PYTHON_VERSION': '2', 'PYTHONPATH': '/opt/ros/melodic/lib/python2.7/dist-packages', 'ROS_ROOT': '/opt/ros/melodic/share/ros', 'PKG_CONFIG_PATH': '/opt/ros/melodic/lib/pkgconfig', 'LC_ALL': 'C.UTF-8', '_': '/opt/ros/melodic/bin/roscore', 'DISPLAY': ':1', 'HOSTNAME': 'itodaisuke', 'PWD': '/', 'ROS_ETC_DIR': '/opt/ros/melodic/etc/ros', 'ROS_VERSION': '1'}]
[roslaunch][INFO] 2022-06-18 04:38:08,904: process[rosout-1]: args[[u'/opt/ros/melodic/lib/rosout/rosout', u'__name:=rosout']]
[roslaunch][INFO] 2022-06-18 04:38:08,904: ... created process [rosout-1]
[roslaunch.pmon][INFO] 2022-06-18 04:38:08,904: ProcessMonitor.register[rosout-1]
[roslaunch.pmon][INFO] 2022-06-18 04:38:08,904: ProcessMonitor.register[rosout-1] complete
[roslaunch][INFO] 2022-06-18 04:38:08,905: ... registered process [rosout-1]
[roslaunch][INFO] 2022-06-18 04:38:08,905: process[rosout-1]: starting os process
[roslaunch][INFO] 2022-06-18 04:38:08,905: process[rosout-1]: start w/ args [[u'/opt/ros/melodic/lib/rosout/rosout', u'__name:=rosout', u'__log:=/root/.ros/log/73bb156e-eec0-11ec-90e9-6c5ab09b33be/rosout-1.log']]
[roslaunch][INFO] 2022-06-18 04:38:08,905: process[rosout-1]: cwd will be [/root/.ros]
[roslaunch][INFO] 2022-06-18 04:38:08,998: process[rosout-1]: started with pid [54]
[roslaunch][INFO] 2022-06-18 04:38:08,998: ... successfully launched [rosout-1]
[roslaunch][INFO] 2022-06-18 04:38:08,999: load_parameters starting ...
[roslaunch][INFO] 2022-06-18 04:38:09,004: ... load_parameters complete
[roslaunch][INFO] 2022-06-18 04:38:09,004: launch_nodes: launching local nodes ...
[roslaunch][INFO] 2022-06-18 04:38:09,004: ... launch_nodes complete
[roslaunch.pmon][INFO] 2022-06-18 04:38:09,004: registrations completed <ProcessMonitor(ProcessMonitor-1, started daemon 140214503446272)>
[roslaunch.parent][INFO] 2022-06-18 04:38:09,004: ... roslaunch parent running, waiting for process exit
[roslaunch][INFO] 2022-06-18 04:38:09,004: spin
[roslaunch.pmon][INFO] 2022-06-18 04:44:53,688: ProcessMonitor.shutdown <ProcessMonitor(ProcessMonitor-1, started daemon 140214503446272)>
[roslaunch.pmon][INFO] 2022-06-18 04:44:53,778: ProcessMonitor._post_run <ProcessMonitor(ProcessMonitor-1, started daemon 140214503446272)>
[roslaunch.pmon][INFO] 2022-06-18 04:44:53,778: ProcessMonitor._post_run <ProcessMonitor(ProcessMonitor-1, started daemon 140214503446272)>: remaining procs are [<roslaunch.nodeprocess.LocalProcess object at 0x7f863bad4790>, <roslaunch.nodeprocess.LocalProcess object at 0x7f863bac4e90>]
[roslaunch.pmon][INFO] 2022-06-18 04:44:53,780: ProcessMonitor exit: killing rosout-1
[roslaunch][INFO] 2022-06-18 04:44:53,780: [rosout-1] killing on exit
[roslaunch][INFO] 2022-06-18 04:44:53,780: process[rosout-1]: killing os process with pid[54] pgid[54]
[roslaunch][INFO] 2022-06-18 04:44:53,780: [rosout-1] sending SIGINT to pgid [54]
[roslaunch][INFO] 2022-06-18 04:44:53,780: [rosout-1] sent SIGINT to pgid [54]
[roslaunch][INFO] 2022-06-18 04:44:53,981: process[rosout-1]: SIGINT killed with return value 0
[roslaunch.pmon][INFO] 2022-06-18 04:44:53,981: ProcessMonitor exit: killing master
[roslaunch][INFO] 2022-06-18 04:44:53,981: [master] killing on exit
[roslaunch][INFO] 2022-06-18 04:44:53,981: process[master]: killing os process with pid[43] pgid[43]
[roslaunch][INFO] 2022-06-18 04:44:53,981: [master] sending SIGINT to pgid [43]
[roslaunch][INFO] 2022-06-18 04:44:53,981: [master] sent SIGINT to pgid [43]
[roslaunch][INFO] 2022-06-18 04:44:54,182: process[master]: SIGINT killed with return value 0
[roslaunch.pmon][INFO] 2022-06-18 04:44:54,182: ProcessMonitor exit: cleaning up data structures and signals
[roslaunch.pmon][INFO] 2022-06-18 04:44:54,182: ProcessMonitor exit: pmon has shutdown
[roslaunch][INFO] 2022-06-18 04:44:54,211: process monitor is done spinning, initiating full shutdown
[roslaunch][INFO] 2022-06-18 04:44:54,211: runner.stop()
[roslaunch][INFO] 2022-06-18 04:44:54,211: shutting down processing monitor...
[roslaunch][INFO] 2022-06-18 04:44:54,211: shutting down processing monitor <ProcessMonitor(ProcessMonitor-1, stopped daemon 140214503446272)>
[roslaunch.pmon][INFO] 2022-06-18 04:44:54,211: ProcessMonitor.shutdown <ProcessMonitor(ProcessMonitor-1, stopped daemon 140214503446272)>
[roslaunch][INFO] 2022-06-18 04:44:54,212: ... shutting down processing monitor complete
[roslaunch][INFO] 2022-06-18 04:44:54,212: done
[roslaunch.pmon][INFO] 2022-06-18 04:44:54,212: ProcessMonitor.shutdown <ProcessMonitor(ProcessMonitor-1, stopped daemon 140214503446272)>
[rospy.core][INFO] 2022-06-18 04:44:54,212: signal_shutdown [atexit]
