[rosmaster.main][INFO] 2022-06-18 04:29:31,879: initialization complete, waiting for shutdown
[rosmaster.main][INFO] 2022-06-18 04:29:31,879: Starting ROS Master Node
[xmlrpc][INFO] 2022-06-18 04:29:31,884: XML-RPC server binding to 0.0.0.0:11311
[xmlrpc][INFO] 2022-06-18 04:29:31,884: Started XML-RPC server [http://itodaisuke:11311/]
[xmlrpc][INFO] 2022-06-18 04:29:31,884: xml rpc node: starting XML-RPC server
[rosmaster.master][INFO] 2022-06-18 04:29:31,884: Master initialized: port[11311], uri[http://itodaisuke:11311/]
[rosmaster.master][INFO] 2022-06-18 04:29:31,947: +PARAM [/run_id] by /roslaunch
[rosmaster.master][INFO] 2022-06-18 04:29:31,948: +PARAM [/roslaunch/uris/host_itodaisuke__37849] by /roslaunch
[rosmaster.master][INFO] 2022-06-18 04:29:32,059: +PARAM [/rosversion] by /roslaunch
[rosmaster.master][INFO] 2022-06-18 04:29:32,060: +PARAM [/rosdistro] by /roslaunch
[rosmaster.master][INFO] 2022-06-18 04:29:32,065: +SERVICE [/rosout/get_loggers] /rosout http://itodaisuke:38475/
[rosmaster.master][INFO] 2022-06-18 04:29:32,065: +SERVICE [/rosout/set_logger_level] /rosout http://itodaisuke:38475/
[rosmaster.master][INFO] 2022-06-18 04:29:32,066: +PUB [/rosout_agg] /rosout http://itodaisuke:38475/
[rosmaster.master][INFO] 2022-06-18 04:29:32,067: +SUB [/rosout] /rosout http://itodaisuke:38475/
[rosmaster.master][INFO] 2022-06-18 04:29:41,695: +PUB [/rosout] /image_view http://itodaisuke:34965/
[rosmaster.master][INFO] 2022-06-18 04:29:41,695: publisherUpdate[/rosout] -> http://itodaisuke:38475/ ['http://itodaisuke:34965/']
[rosmaster.master][INFO] 2022-06-18 04:29:41,696: +SERVICE [/image_view/get_loggers] /image_view http://itodaisuke:34965/
[rosmaster.master][INFO] 2022-06-18 04:29:41,697: +SERVICE [/image_view/set_logger_level] /image_view http://itodaisuke:34965/
[rosmaster.master][INFO] 2022-06-18 04:29:41,698: +CACHEDPARAM [/rosout_disable_topics_generation] by /image_view
[rosmaster.master][INFO] 2022-06-18 04:29:41,699: +SERVICE [/image_view/load_nodelet] /image_view http://itodaisuke:34965/
[rosmaster.master][INFO] 2022-06-18 04:29:41,700: +SERVICE [/image_view/unload_nodelet] /image_view http://itodaisuke:34965/
[rosmaster.master][INFO] 2022-06-18 04:29:41,700: +SERVICE [/image_view/list] /image_view http://itodaisuke:34965/
[rosmaster.master][INFO] 2022-06-18 04:29:41,728: publisherUpdate[/rosout] -> http://itodaisuke:38475/ ['http://itodaisuke:34965/']: sec=0.03, result=[1, '', 0]
[rosmaster.master][INFO] 2022-06-18 04:29:41,758: +SERVICE [/image_view/set_parameters] /image_view http://itodaisuke:34965/
[rosmaster.master][INFO] 2022-06-18 04:29:41,758: +PUB [/image_view/parameter_descriptions] /image_view http://itodaisuke:34965/
[rosmaster.master][INFO] 2022-06-18 04:29:41,759: +PUB [/image_view/parameter_updates] /image_view http://itodaisuke:34965/
[rosmaster.master][INFO] 2022-06-18 04:29:41,760: +PARAM [/image_view/do_dynamic_scaling] by /image_view
[rosmaster.master][INFO] 2022-06-18 04:29:41,761: +PARAM [/image_view/colormap] by /image_view
[rosmaster.master][INFO] 2022-06-18 04:29:41,761: +PARAM [/image_view/min_image_value] by /image_view
[rosmaster.master][INFO] 2022-06-18 04:29:41,762: +PARAM [/image_view/max_image_value] by /image_view
[rosmaster.master][INFO] 2022-06-18 04:29:41,765: +SUB [/image_raw] /image_view http://itodaisuke:34965/
[rosmaster.master][INFO] 2022-06-18 04:29:41,766: +PUB [/image_view/output] /image_view http://itodaisuke:34965/
[rosmaster.master][INFO] 2022-06-18 04:29:41,766: +PARAM [/image_view/do_dynamic_scaling] by /image_view
[rosmaster.master][INFO] 2022-06-18 04:29:41,766: +PARAM [/image_view/colormap] by /image_view
[rosmaster.master][INFO] 2022-06-18 04:29:41,767: +PARAM [/image_view/min_image_value] by /image_view
[rosmaster.master][INFO] 2022-06-18 04:29:41,767: +PARAM [/image_view/max_image_value] by /image_view
[rosmaster.master][INFO] 2022-06-18 04:29:41,931: +CACHEDPARAM [/rosout/omit_topics] by /rosout
[rosmaster.master][INFO] 2022-06-18 04:29:47,981: +PUB [/rosout] /uvc_camera http://itodaisuke:33649/
[rosmaster.master][INFO] 2022-06-18 04:29:47,982: +SERVICE [/uvc_camera/get_loggers] /uvc_camera http://itodaisuke:33649/
[rosmaster.master][INFO] 2022-06-18 04:29:47,982: +SERVICE [/uvc_camera/set_logger_level] /uvc_camera http://itodaisuke:33649/
[rosmaster.master][INFO] 2022-06-18 04:29:47,992: +SERVICE [/set_camera_info] /uvc_camera http://itodaisuke:33649/
[rosmaster.master][INFO] 2022-06-18 04:29:47,994: +CACHEDPARAM [/rosout_disable_topics_generation] by /uvc_camera
[rosmaster.master][INFO] 2022-06-18 04:29:47,997: +PUB [/image_raw] /uvc_camera http://itodaisuke:33649/
[rosmaster.master][INFO] 2022-06-18 04:29:47,998: +PUB [/camera_info] /uvc_camera http://itodaisuke:33649/
[rosmaster.master][INFO] 2022-06-18 04:29:48,001: publisherUpdate[/rosout] -> http://itodaisuke:38475/ ['http://itodaisuke:34965/', 'http://itodaisuke:33649/']
[rosmaster.master][INFO] 2022-06-18 04:29:48,005: publisherUpdate[/image_raw] -> http://itodaisuke:34965/ ['http://itodaisuke:33649/']
[rosmaster.master][INFO] 2022-06-18 04:29:48,042: publisherUpdate[/image_raw] -> http://itodaisuke:34965/ ['http://itodaisuke:33649/']: sec=0.04, result=[1, '', 0]
[rosmaster.master][INFO] 2022-06-18 04:29:48,047: publisherUpdate[/rosout] -> http://itodaisuke:38475/ ['http://itodaisuke:34965/', 'http://itodaisuke:33649/']: sec=0.05, result=[1, '', 0]
[rosmaster.master][INFO] 2022-06-18 04:30:19,894: +PUB [/rosout] /image_view http://itodaisuke:40433/
[rosmaster.master][INFO] 2022-06-18 04:30:19,896: +SERVICE [/image_view/get_loggers] /image_view http://itodaisuke:40433/
[rosmaster.master][INFO] 2022-06-18 04:30:19,897: +SERVICE [/image_view/set_logger_level] /image_view http://itodaisuke:40433/
[rosmaster.master][INFO] 2022-06-18 04:30:19,899: +SUB [/image_raw] /image_view http://itodaisuke:40433/
[rosmaster.master][INFO] 2022-06-18 04:30:19,984: publisherUpdate[/rosout] -> http://itodaisuke:38475/ ['http://itodaisuke:33649/', 'http://itodaisuke:40433/']
[rosmaster.master][INFO] 2022-06-18 04:30:20,030: publisherUpdate[/rosout] -> http://itodaisuke:38475/ ['http://itodaisuke:33649/', 'http://itodaisuke:40433/']: sec=0.05, result=[1, '', 0]
[rosmaster.master][INFO] 2022-06-18 04:30:20,117: -PUB [/rosout] /image_view http://itodaisuke:34965/
[rosmaster.master][INFO] 2022-06-18 04:30:20,117: -PUB [/image_view/parameter_descriptions] /image_view http://itodaisuke:34965/
[rosmaster.master][INFO] 2022-06-18 04:30:20,118: -PUB [/image_view/parameter_updates] /image_view http://itodaisuke:34965/
[rosmaster.master][INFO] 2022-06-18 04:30:20,118: -PUB [/image_view/output] /image_view http://itodaisuke:34965/
[rosmaster.master][INFO] 2022-06-18 04:30:20,118: -SUB [/image_raw] /image_view http://itodaisuke:34965/
[rosmaster.master][INFO] 2022-06-18 04:30:20,118: -SERVICE [/image_view/get_loggers] /image_view rosrpc://itodaisuke:46411
[rosmaster.master][INFO] 2022-06-18 04:30:20,119: -SERVICE [/image_view/set_logger_level] /image_view rosrpc://itodaisuke:46411
[rosmaster.master][INFO] 2022-06-18 04:30:20,119: -SERVICE [/image_view/load_nodelet] /image_view rosrpc://itodaisuke:46411
[rosmaster.master][INFO] 2022-06-18 04:30:20,119: -SERVICE [/image_view/unload_nodelet] /image_view rosrpc://itodaisuke:46411
[rosmaster.master][INFO] 2022-06-18 04:30:20,119: -SERVICE [/image_view/list] /image_view rosrpc://itodaisuke:46411
[rosmaster.master][INFO] 2022-06-18 04:30:20,120: -SERVICE [/image_view/set_parameters] /image_view rosrpc://itodaisuke:46411
[rosmaster.master][INFO] 2022-06-18 04:30:20,120: -CACHEDPARAM [/rosout_disable_topics_generation] by /image_view
[rosmaster.master][INFO] 2022-06-18 04:30:36,538: -SUB [/image_raw] /image_view http://itodaisuke:40433/
[rosmaster.master][INFO] 2022-06-18 04:30:36,538: -PUB [/rosout] /image_view http://itodaisuke:40433/
[rosmaster.master][INFO] 2022-06-18 04:30:36,539: publisherUpdate[/rosout] -> http://itodaisuke:38475/ ['http://itodaisuke:33649/']
[rosmaster.master][INFO] 2022-06-18 04:30:36,539: -SERVICE [/image_view/get_loggers] /image_view rosrpc://itodaisuke:41397
[rosmaster.master][INFO] 2022-06-18 04:30:36,539: -SERVICE [/image_view/set_logger_level] /image_view rosrpc://itodaisuke:41397
[rosmaster.master][INFO] 2022-06-18 04:30:36,540: publisherUpdate[/rosout] -> http://itodaisuke:38475/ ['http://itodaisuke:33649/']: sec=0.00, result=[1, '', 0]
[rosmaster.master][INFO] 2022-06-18 04:31:31,507: -PUB [/rosout_agg] /rosout http://itodaisuke:38475/
[rosmaster.master][INFO] 2022-06-18 04:31:31,508: -SUB [/rosout] /rosout http://itodaisuke:38475/
[rosmaster.master][INFO] 2022-06-18 04:31:31,508: -SERVICE [/rosout/get_loggers] /rosout rosrpc://itodaisuke:33551
[rosmaster.master][INFO] 2022-06-18 04:31:31,509: -SERVICE [/rosout/set_logger_level] /rosout rosrpc://itodaisuke:33551
[rosmaster.master][INFO] 2022-06-18 04:31:31,509: -CACHEDPARAM [/rosout/omit_topics] by /rosout
[rosmaster.main][INFO] 2022-06-18 04:31:31,521: keyboard interrupt, will exit
[rosmaster.main][INFO] 2022-06-18 04:31:31,521: stopping master...
[rospy.core][INFO] 2022-06-18 04:31:31,521: signal_shutdown [atexit]
