[roslaunch][INFO] 2022-06-18 05:11:36,474: Checking log directory for disk usage. This may take a while.
Press Ctrl-C to interrupt
[roslaunch][INFO] 2022-06-18 05:11:36,477: Done checking log file disk usage. Usage is <1GB.
[roslaunch][INFO] 2022-06-18 05:11:36,477: roslaunch starting with args ['roscore', '--core']
[roslaunch][INFO] 2022-06-18 05:11:36,477: roslaunch env is {'ROS_DISTRO': 'melodic', 'ROSLISP_PACKAGE_DIRECTORIES': '', 'HOME': '/root', 'PATH': '/opt/ros/melodic/bin:/usr/local/sbin:/usr/local/bin:/usr/sbin:/usr/bin:/sbin:/bin', 'ROS_PACKAGE_PATH': '/opt/ros/melodic/share', 'CMAKE_PREFIX_PATH': '/opt/ros/melodic', 'DISPLAY': ':1', 'LANG': 'C.UTF-8', 'TERM': 'xterm', 'ROS_LOG_FILENAME': '/root/.ros/log/20994bd0-eec5-11ec-9de7-6c5ab09b33be/roslaunch-itodaisuke-34.log', 'SHLVL': '1', 'LD_LIBRARY_PATH': '/opt/ros/melodic/lib', 'ROS_MASTER_URI': 'http://localhost:11311', 'ROS_PYTHON_VERSION': '2', 'PYTHONPATH': '/opt/ros/melodic/lib/python2.7/dist-packages', 'ROS_ROOT': '/opt/ros/melodic/share/ros', 'PKG_CONFIG_PATH': '/opt/ros/melodic/lib/pkgconfig', 'LC_ALL': 'C.UTF-8', '_': '/opt/ros/melodic/bin/roscore', 'HOSTNAME': 'itodaisuke', 'PWD': '/', 'ROS_ETC_DIR': '/opt/ros/melodic/etc/ros', 'ROS_VERSION': '1'}
[roslaunch][INFO] 2022-06-18 05:11:36,477: starting in server mode
[roslaunch.parent][INFO] 2022-06-18 05:11:36,478: starting roslaunch parent run
[roslaunch][INFO] 2022-06-18 05:11:36,478: loading roscore config file /opt/ros/melodic/etc/ros/roscore.xml
[roslaunch][INFO] 2022-06-18 05:11:36,561: Added core node of type [rosout/rosout] in namespace [/]
[roslaunch.pmon][INFO] 2022-06-18 05:11:36,562: start_process_monitor: creating ProcessMonitor
[roslaunch.pmon][INFO] 2022-06-18 05:11:36,562: created process monitor <ProcessMonitor(ProcessMonitor-1, initial daemon)>
[roslaunch.pmon][INFO] 2022-06-18 05:11:36,562: start_process_monitor: ProcessMonitor started
[roslaunch.parent][INFO] 2022-06-18 05:11:36,562: starting parent XML-RPC server
[roslaunch.server][INFO] 2022-06-18 05:11:36,562: starting roslaunch XML-RPC server
[xmlrpc][INFO] 2022-06-18 05:11:36,563: XML-RPC server binding to 0.0.0.0:0
[roslaunch.server][INFO] 2022-06-18 05:11:36,563: waiting for roslaunch XML-RPC server to initialize
[xmlrpc][INFO] 2022-06-18 05:11:36,563: Started XML-RPC server [http://itodaisuke:35189/]
[xmlrpc][INFO] 2022-06-18 05:11:36,563: xml rpc node: starting XML-RPC server
[roslaunch][INFO] 2022-06-18 05:11:36,576: started roslaunch server http://itodaisuke:35189/
[roslaunch.parent][INFO] 2022-06-18 05:11:36,576: ... parent XML-RPC server started
[roslaunch][INFO] 2022-06-18 05:11:36,576: master.is_running[http://itodaisuke:11311/]
[roslaunch][INFO] 2022-06-18 05:11:36,581: auto-starting new master
[roslaunch][INFO] 2022-06-18 05:11:36,581: create_master_process: rosmaster, /opt/ros/melodic/share/ros, 11311, 3, None, False
[roslaunch][INFO] 2022-06-18 05:11:36,581: process[master]: launching with args [['rosmaster', '--core', '-p', '11311', '-w', '3']]
[roslaunch.pmon][INFO] 2022-06-18 05:11:36,582: ProcessMonitor.register[master]
[roslaunch.pmon][INFO] 2022-06-18 05:11:36,582: ProcessMonitor.register[master] complete
[roslaunch][INFO] 2022-06-18 05:11:36,582: process[master]: starting os process
[roslaunch][INFO] 2022-06-18 05:11:36,582: process[master]: start w/ args [['rosmaster', '--core', '-p', '11311', '-w', '3', '__log:=/root/.ros/log/20994bd0-eec5-11ec-9de7-6c5ab09b33be/master.log']]
[roslaunch][INFO] 2022-06-18 05:11:36,582: process[master]: cwd will be [/root/.ros]
[roslaunch][INFO] 2022-06-18 05:11:36,672: process[master]: started with pid [44]
[roslaunch][INFO] 2022-06-18 05:11:36,672: master.is_running[http://itodaisuke:11311/]
[roslaunch][INFO] 2022-06-18 05:11:36,774: master.is_running[http://itodaisuke:11311/]
[roslaunch][INFO] 2022-06-18 05:11:36,876: master.is_running[http://itodaisuke:11311/]
[roslaunch][INFO] 2022-06-18 05:11:36,879: master.is_running[http://itodaisuke:11311/]
[roslaunch][INFO] 2022-06-18 05:11:36,881: ROS_MASTER_URI=http://itodaisuke:11311/
[roslaunch][INFO] 2022-06-18 05:11:36,883: setting /run_id to 20994bd0-eec5-11ec-9de7-6c5ab09b33be
[roslaunch][INFO] 2022-06-18 05:11:36,884: setting /roslaunch/uris/host_itodaisuke__35189' to http://itodaisuke:35189/
[roslaunch][INFO] 2022-06-18 05:11:36,887: ... preparing to launch node of type [rosout/rosout]
[roslaunch][INFO] 2022-06-18 05:11:36,888: create_node_process: package[rosout] type[rosout] machine[Machine(name[] env_loader[None] address[localhost] ssh_port[22] user[None] assignable[True] timeout[10.0])] master_uri[http://itodaisuke:11311/]
[roslaunch][INFO] 2022-06-18 05:11:36,888: process[rosout-1]: env[{'ROS_DISTRO': 'melodic', 'ROSLISP_PACKAGE_DIRECTORIES': '', 'ROS_PACKAGE_PATH': '/opt/ros/melodic/share', 'PATH': '/opt/ros/melodic/bin:/usr/local/sbin:/usr/local/bin:/usr/sbin:/usr/bin:/sbin:/bin', 'CMAKE_PREFIX_PATH': '/opt/ros/melodic', 'ROS_LOG_FILENAME': '/root/.ros/log/20994bd0-eec5-11ec-9de7-6c5ab09b33be/roslaunch-itodaisuke-34.log', 'LANG': 'C.UTF-8', 'TERM': 'xterm', 'SHLVL': '1', 'LD_LIBRARY_PATH': '/opt/ros/melodic/lib', 'ROS_MASTER_URI': 'http://itodaisuke:11311/', 'HOME': '/root', 'ROS_PYTHON_VERSION': '2', 'PYTHONPATH': '/opt/ros/melodic/lib/python2.7/dist-packages', 'ROS_ROOT': '/opt/ros/melodic/share/ros', 'PKG_CONFIG_PATH': '/opt/ros/melodic/lib/pkgconfig', 'LC_ALL': 'C.UTF-8', '_': '/opt/ros/melodic/bin/roscore', 'DISPLAY': ':1', 'HOSTNAME': 'itodaisuke', 'PWD': '/', 'ROS_ETC_DIR': '/opt/ros/melodic/etc/ros', 'ROS_VERSION': '1'}]
[roslaunch][INFO] 2022-06-18 05:11:36,900: process[rosout-1]: args[[u'/opt/ros/melodic/lib/rosout/rosout', u'__name:=rosout']]
[roslaunch][INFO] 2022-06-18 05:11:36,900: ... created process [rosout-1]
[roslaunch.pmon][INFO] 2022-06-18 05:11:36,901: ProcessMonitor.register[rosout-1]
[roslaunch.pmon][INFO] 2022-06-18 05:11:36,901: ProcessMonitor.register[rosout-1] complete
[roslaunch][INFO] 2022-06-18 05:11:36,901: ... registered process [rosout-1]
[roslaunch][INFO] 2022-06-18 05:11:36,901: process[rosout-1]: starting os process
[roslaunch][INFO] 2022-06-18 05:11:36,901: process[rosout-1]: start w/ args [[u'/opt/ros/melodic/lib/rosout/rosout', u'__name:=rosout', u'__log:=/root/.ros/log/20994bd0-eec5-11ec-9de7-6c5ab09b33be/rosout-1.log']]
[roslaunch][INFO] 2022-06-18 05:11:36,901: process[rosout-1]: cwd will be [/root/.ros]
[roslaunch][INFO] 2022-06-18 05:11:36,991: process[rosout-1]: started with pid [55]
[roslaunch][INFO] 2022-06-18 05:11:36,991: ... successfully launched [rosout-1]
[roslaunch][INFO] 2022-06-18 05:11:36,991: load_parameters starting ...
[roslaunch][INFO] 2022-06-18 05:11:36,996: ... load_parameters complete
[roslaunch][INFO] 2022-06-18 05:11:36,997: launch_nodes: launching local nodes ...
[roslaunch][INFO] 2022-06-18 05:11:36,997: ... launch_nodes complete
[roslaunch.pmon][INFO] 2022-06-18 05:11:36,997: registrations completed <ProcessMonitor(ProcessMonitor-1, started daemon 140192349251328)>
[roslaunch.parent][INFO] 2022-06-18 05:11:36,997: ... roslaunch parent running, waiting for process exit
[roslaunch][INFO] 2022-06-18 05:11:36,997: spin
[roslaunch.pmon][INFO] 2022-06-18 05:15:04,119: ProcessMonitor.shutdown <ProcessMonitor(ProcessMonitor-1, started daemon 140192349251328)>
[roslaunch.pmon][INFO] 2022-06-18 05:15:04,138: ProcessMonitor._post_run <ProcessMonitor(ProcessMonitor-1, started daemon 140192349251328)>
[roslaunch.pmon][INFO] 2022-06-18 05:15:04,138: ProcessMonitor._post_run <ProcessMonitor(ProcessMonitor-1, started daemon 140192349251328)>: remaining procs are [<roslaunch.nodeprocess.LocalProcess object at 0x7f81132f1cd0>, <roslaunch.nodeprocess.LocalProcess object at 0x7f81132e1e90>]
[roslaunch.pmon][INFO] 2022-06-18 05:15:04,140: ProcessMonitor exit: killing rosout-1
[roslaunch][INFO] 2022-06-18 05:15:04,140: [rosout-1] killing on exit
[roslaunch][INFO] 2022-06-18 05:15:04,140: process[rosout-1]: killing os process with pid[55] pgid[55]
[roslaunch][INFO] 2022-06-18 05:15:04,140: [rosout-1] sending SIGINT to pgid [55]
[roslaunch][INFO] 2022-06-18 05:15:04,141: [rosout-1] sent SIGINT to pgid [55]
[roslaunch][INFO] 2022-06-18 05:15:04,341: process[rosout-1]: SIGINT killed with return value 0
[roslaunch.pmon][INFO] 2022-06-18 05:15:04,341: ProcessMonitor exit: killing master
[roslaunch][INFO] 2022-06-18 05:15:04,341: [master] killing on exit
[roslaunch][INFO] 2022-06-18 05:15:04,341: process[master]: killing os process with pid[44] pgid[44]
[roslaunch][INFO] 2022-06-18 05:15:04,341: [master] sending SIGINT to pgid [44]
[roslaunch][INFO] 2022-06-18 05:15:04,342: [master] sent SIGINT to pgid [44]
[roslaunch][INFO] 2022-06-18 05:15:04,542: process[master]: SIGINT killed with return value 0
[roslaunch.pmon][INFO] 2022-06-18 05:15:04,542: ProcessMonitor exit: cleaning up data structures and signals
[roslaunch.pmon][INFO] 2022-06-18 05:15:04,542: ProcessMonitor exit: pmon has shutdown
[roslaunch][INFO] 2022-06-18 05:15:04,584: process monitor is done spinning, initiating full shutdown
[roslaunch][INFO] 2022-06-18 05:15:04,584: runner.stop()
[roslaunch][INFO] 2022-06-18 05:15:04,584: shutting down processing monitor...
[roslaunch][INFO] 2022-06-18 05:15:04,584: shutting down processing monitor <ProcessMonitor(ProcessMonitor-1, stopped daemon 140192349251328)>
[roslaunch.pmon][INFO] 2022-06-18 05:15:04,584: ProcessMonitor.shutdown <ProcessMonitor(ProcessMonitor-1, stopped daemon 140192349251328)>
[roslaunch][INFO] 2022-06-18 05:15:04,584: ... shutting down processing monitor complete
[roslaunch][INFO] 2022-06-18 05:15:04,584: done
[roslaunch.pmon][INFO] 2022-06-18 05:15:04,584: ProcessMonitor.shutdown <ProcessMonitor(ProcessMonitor-1, stopped daemon 140192349251328)>
[rospy.core][INFO] 2022-06-18 05:15:04,584: signal_shutdown [atexit]
