[roslaunch][INFO] 2022-06-18 04:58:46,713: Checking log directory for disk usage. This may take a while.
Press Ctrl-C to interrupt
[roslaunch][INFO] 2022-06-18 04:58:46,716: Done checking log file disk usage. Usage is <1GB.
[roslaunch][INFO] 2022-06-18 04:58:46,717: roslaunch starting with args ['roscore', '--core']
[roslaunch][INFO] 2022-06-18 04:58:46,717: roslaunch env is {'ROS_DISTRO': 'melodic', 'ROSLISP_PACKAGE_DIRECTORIES': '', 'HOME': '/root', 'PATH': '/opt/ros/melodic/bin:/usr/local/sbin:/usr/local/bin:/usr/sbin:/usr/bin:/sbin:/bin', 'ROS_PACKAGE_PATH': '/opt/ros/melodic/share', 'CMAKE_PREFIX_PATH': '/opt/ros/melodic', 'DISPLAY': ':1', 'LANG': 'C.UTF-8', 'TERM': 'xterm', 'ROS_LOG_FILENAME': '/root/.ros/log/55c9802e-eec3-11ec-8c3a-6c5ab09b33be/roslaunch-itodaisuke-117.log', 'SHLVL': '1', 'LD_LIBRARY_PATH': '/opt/ros/melodic/lib', 'ROS_MASTER_URI': 'http://localhost:11311', 'ROS_PYTHON_VERSION': '2', 'PYTHONPATH': '/opt/ros/melodic/lib/python2.7/dist-packages', 'ROS_ROOT': '/opt/ros/melodic/share/ros', 'PKG_CONFIG_PATH': '/opt/ros/melodic/lib/pkgconfig', 'LC_ALL': 'C.UTF-8', '_': '/opt/ros/melodic/bin/roscore', 'HOSTNAME': 'itodaisuke', 'PWD': '/', 'ROS_ETC_DIR': '/opt/ros/melodic/etc/ros', 'ROS_VERSION': '1'}
[roslaunch][INFO] 2022-06-18 04:58:46,717: starting in server mode
[roslaunch.parent][INFO] 2022-06-18 04:58:46,717: starting roslaunch parent run
[roslaunch][INFO] 2022-06-18 04:58:46,717: loading roscore config file /opt/ros/melodic/etc/ros/roscore.xml
[roslaunch][INFO] 2022-06-18 04:58:46,798: Added core node of type [rosout/rosout] in namespace [/]
[roslaunch.pmon][INFO] 2022-06-18 04:58:46,798: start_process_monitor: creating ProcessMonitor
[roslaunch.pmon][INFO] 2022-06-18 04:58:46,798: created process monitor <ProcessMonitor(ProcessMonitor-1, initial daemon)>
[roslaunch.pmon][INFO] 2022-06-18 04:58:46,798: start_process_monitor: ProcessMonitor started
[roslaunch.parent][INFO] 2022-06-18 04:58:46,798: starting parent XML-RPC server
[roslaunch.server][INFO] 2022-06-18 04:58:46,799: starting roslaunch XML-RPC server
[roslaunch.server][INFO] 2022-06-18 04:58:46,799: waiting for roslaunch XML-RPC server to initialize
[xmlrpc][INFO] 2022-06-18 04:58:46,799: XML-RPC server binding to 0.0.0.0:0
[xmlrpc][INFO] 2022-06-18 04:58:46,799: Started XML-RPC server [http://itodaisuke:43957/]
[xmlrpc][INFO] 2022-06-18 04:58:46,799: xml rpc node: starting XML-RPC server
[roslaunch][INFO] 2022-06-18 04:58:46,812: started roslaunch server http://itodaisuke:43957/
[roslaunch.parent][INFO] 2022-06-18 04:58:46,812: ... parent XML-RPC server started
[roslaunch][INFO] 2022-06-18 04:58:46,812: master.is_running[http://itodaisuke:11311/]
[roslaunch][INFO] 2022-06-18 04:58:46,817: auto-starting new master
[roslaunch][INFO] 2022-06-18 04:58:46,817: create_master_process: rosmaster, /opt/ros/melodic/share/ros, 11311, 3, None, False
[roslaunch][INFO] 2022-06-18 04:58:46,817: process[master]: launching with args [['rosmaster', '--core', '-p', '11311', '-w', '3']]
[roslaunch.pmon][INFO] 2022-06-18 04:58:46,817: ProcessMonitor.register[master]
[roslaunch.pmon][INFO] 2022-06-18 04:58:46,817: ProcessMonitor.register[master] complete
[roslaunch][INFO] 2022-06-18 04:58:46,817: process[master]: starting os process
[roslaunch][INFO] 2022-06-18 04:58:46,817: process[master]: start w/ args [['rosmaster', '--core', '-p', '11311', '-w', '3', '__log:=/root/.ros/log/55c9802e-eec3-11ec-8c3a-6c5ab09b33be/master.log']]
[roslaunch][INFO] 2022-06-18 04:58:46,817: process[master]: cwd will be [/root/.ros]
[roslaunch][INFO] 2022-06-18 04:58:46,910: process[master]: started with pid [127]
[roslaunch][INFO] 2022-06-18 04:58:46,911: master.is_running[http://itodaisuke:11311/]
[roslaunch][INFO] 2022-06-18 04:58:47,013: master.is_running[http://itodaisuke:11311/]
[roslaunch][INFO] 2022-06-18 04:58:47,114: master.is_running[http://itodaisuke:11311/]
[roslaunch][INFO] 2022-06-18 04:58:47,117: master.is_running[http://itodaisuke:11311/]
[roslaunch][INFO] 2022-06-18 04:58:47,119: ROS_MASTER_URI=http://itodaisuke:11311/
[roslaunch][INFO] 2022-06-18 04:58:47,122: setting /run_id to 55c9802e-eec3-11ec-8c3a-6c5ab09b33be
[roslaunch][INFO] 2022-06-18 04:58:47,123: setting /roslaunch/uris/host_itodaisuke__43957' to http://itodaisuke:43957/
[roslaunch][INFO] 2022-06-18 04:58:47,125: ... preparing to launch node of type [rosout/rosout]
[roslaunch][INFO] 2022-06-18 04:58:47,126: create_node_process: package[rosout] type[rosout] machine[Machine(name[] env_loader[None] address[localhost] ssh_port[22] user[None] assignable[True] timeout[10.0])] master_uri[http://itodaisuke:11311/]
[roslaunch][INFO] 2022-06-18 04:58:47,126: process[rosout-1]: env[{'ROS_DISTRO': 'melodic', 'ROSLISP_PACKAGE_DIRECTORIES': '', 'ROS_PACKAGE_PATH': '/opt/ros/melodic/share', 'PATH': '/opt/ros/melodic/bin:/usr/local/sbin:/usr/local/bin:/usr/sbin:/usr/bin:/sbin:/bin', 'CMAKE_PREFIX_PATH': '/opt/ros/melodic', 'ROS_LOG_FILENAME': '/root/.ros/log/55c9802e-eec3-11ec-8c3a-6c5ab09b33be/roslaunch-itodaisuke-117.log', 'LANG': 'C.UTF-8', 'TERM': 'xterm', 'SHLVL': '1', 'LD_LIBRARY_PATH': '/opt/ros/melodic/lib', 'ROS_MASTER_URI': 'http://itodaisuke:11311/', 'HOME': '/root', 'ROS_PYTHON_VERSION': '2', 'PYTHONPATH': '/opt/ros/melodic/lib/python2.7/dist-packages', 'ROS_ROOT': '/opt/ros/melodic/share/ros', 'PKG_CONFIG_PATH': '/opt/ros/melodic/lib/pkgconfig', 'LC_ALL': 'C.UTF-8', '_': '/opt/ros/melodic/bin/roscore', 'DISPLAY': ':1', 'HOSTNAME': 'itodaisuke', 'PWD': '/', 'ROS_ETC_DIR': '/opt/ros/melodic/etc/ros', 'ROS_VERSION': '1'}]
[roslaunch][INFO] 2022-06-18 04:58:47,137: process[rosout-1]: args[[u'/opt/ros/melodic/lib/rosout/rosout', u'__name:=rosout']]
[roslaunch][INFO] 2022-06-18 04:58:47,137: ... created process [rosout-1]
[roslaunch.pmon][INFO] 2022-06-18 04:58:47,137: ProcessMonitor.register[rosout-1]
[roslaunch.pmon][INFO] 2022-06-18 04:58:47,137: ProcessMonitor.register[rosout-1] complete
[roslaunch][INFO] 2022-06-18 04:58:47,138: ... registered process [rosout-1]
[roslaunch][INFO] 2022-06-18 04:58:47,138: process[rosout-1]: starting os process
[roslaunch][INFO] 2022-06-18 04:58:47,138: process[rosout-1]: start w/ args [[u'/opt/ros/melodic/lib/rosout/rosout', u'__name:=rosout', u'__log:=/root/.ros/log/55c9802e-eec3-11ec-8c3a-6c5ab09b33be/rosout-1.log']]
[roslaunch][INFO] 2022-06-18 04:58:47,138: process[rosout-1]: cwd will be [/root/.ros]
[roslaunch][INFO] 2022-06-18 04:58:47,232: process[rosout-1]: started with pid [138]
[roslaunch][INFO] 2022-06-18 04:58:47,232: ... successfully launched [rosout-1]
[roslaunch][INFO] 2022-06-18 04:58:47,233: load_parameters starting ...
[roslaunch][INFO] 2022-06-18 04:58:47,238: ... load_parameters complete
[roslaunch][INFO] 2022-06-18 04:58:47,238: launch_nodes: launching local nodes ...
[roslaunch][INFO] 2022-06-18 04:58:47,238: ... launch_nodes complete
[roslaunch.pmon][INFO] 2022-06-18 04:58:47,238: registrations completed <ProcessMonitor(ProcessMonitor-1, started daemon 139760029185792)>
[roslaunch.parent][INFO] 2022-06-18 04:58:47,238: ... roslaunch parent running, waiting for process exit
[roslaunch][INFO] 2022-06-18 04:58:47,239: spin
[roslaunch.pmon][INFO] 2022-06-18 04:59:58,921: ProcessMonitor.shutdown <ProcessMonitor(ProcessMonitor-1, started daemon 139760029185792)>
[roslaunch.pmon][INFO] 2022-06-18 04:59:58,940: ProcessMonitor._post_run <ProcessMonitor(ProcessMonitor-1, started daemon 139760029185792)>
[roslaunch.pmon][INFO] 2022-06-18 04:59:58,940: ProcessMonitor._post_run <ProcessMonitor(ProcessMonitor-1, started daemon 139760029185792)>: remaining procs are [<roslaunch.nodeprocess.LocalProcess object at 0x7f1c6ae66bd0>, <roslaunch.nodeprocess.LocalProcess object at 0x7f1c6ae56e90>]
[roslaunch.pmon][INFO] 2022-06-18 04:59:58,941: ProcessMonitor exit: killing rosout-1
[roslaunch][INFO] 2022-06-18 04:59:58,942: [rosout-1] killing on exit
[roslaunch][INFO] 2022-06-18 04:59:58,942: process[rosout-1]: killing os process with pid[138] pgid[138]
[roslaunch][INFO] 2022-06-18 04:59:58,942: [rosout-1] sending SIGINT to pgid [138]
[roslaunch][INFO] 2022-06-18 04:59:58,942: [rosout-1] sent SIGINT to pgid [138]
[roslaunch][INFO] 2022-06-18 04:59:59,243: process[rosout-1]: SIGINT killed with return value 0
[roslaunch.pmon][INFO] 2022-06-18 04:59:59,243: ProcessMonitor exit: killing master
[roslaunch][INFO] 2022-06-18 04:59:59,243: [master] killing on exit
[roslaunch][INFO] 2022-06-18 04:59:59,243: process[master]: killing os process with pid[127] pgid[127]
[roslaunch][INFO] 2022-06-18 04:59:59,243: [master] sending SIGINT to pgid [127]
[roslaunch][INFO] 2022-06-18 04:59:59,243: [master] sent SIGINT to pgid [127]
[roslaunch][INFO] 2022-06-18 04:59:59,444: process[master]: SIGINT killed with return value 0
[roslaunch.pmon][INFO] 2022-06-18 04:59:59,444: ProcessMonitor exit: cleaning up data structures and signals
[roslaunch.pmon][INFO] 2022-06-18 04:59:59,444: ProcessMonitor exit: pmon has shutdown
[roslaunch][INFO] 2022-06-18 04:59:59,485: process monitor is done spinning, initiating full shutdown
[roslaunch][INFO] 2022-06-18 04:59:59,485: runner.stop()
[roslaunch][INFO] 2022-06-18 04:59:59,485: shutting down processing monitor...
[roslaunch][INFO] 2022-06-18 04:59:59,485: shutting down processing monitor <ProcessMonitor(ProcessMonitor-1, stopped daemon 139760029185792)>
[roslaunch.pmon][INFO] 2022-06-18 04:59:59,485: ProcessMonitor.shutdown <ProcessMonitor(ProcessMonitor-1, stopped daemon 139760029185792)>
[roslaunch][INFO] 2022-06-18 04:59:59,485: ... shutting down processing monitor complete
[roslaunch][INFO] 2022-06-18 04:59:59,486: done
[roslaunch.pmon][INFO] 2022-06-18 04:59:59,486: ProcessMonitor.shutdown <ProcessMonitor(ProcessMonitor-1, stopped daemon 139760029185792)>
[rospy.core][INFO] 2022-06-18 04:59:59,486: signal_shutdown [atexit]
